# JRE version: Java(TM) SE Runtime Environment (8.0_191-b12) (build 1.8.0_191-b12)
# Java VM: Java HotSpot(TM) 64-Bit Server VM (25.191-b12 mixed mode bsd-amd64 compressed oops)
Heap:
 PSYoungGen      total 71680K, used 55420K [0x0000000795580000, 0x000000079e480000, 0x00000007c0000000)
  eden space 66560K, 75% used [0x0000000795580000,0x00000007986ab588,0x0000000799680000)
  from space 5120K, 99% used [0x0000000799680000,0x0000000799b73bc8,0x0000000799b80000)
  to   space 12800K, 0% used [0x000000079d800000,0x000000079d800000,0x000000079e480000)
 ParOldGen       total 46592K, used 15729K [0x0000000740000000, 0x0000000742d80000, 0x0000000795580000)
  object space 46592K, 33% used [0x0000000740000000,0x0000000740f5c4c8,0x0000000742d80000)
 Metaspace       used 24818K, capacity 25177K, committed 25472K, reserved 1073152K
  class space    used 2501K, capacity 2627K, committed 2688K, reserved 1048576K
GC Heap History (10 events):
Event: 3.807 GC heap before
{Heap before GC invocations=2 (full 0):
 PSYoungGen      total 38400K, used 38360K [0x0000000795580000, 0x0000000798000000, 0x00000007c0000000)
  eden space 33280K, 100% used [0x0000000795580000,0x0000000797600000,0x0000000797600000)
  from space 5120K, 99% used [0x0000000797600000,0x0000000797af62e0,0x0000000797b00000)
  to   space 5120K, 0% used [0x0000000797b00000,0x0000000797b00000,0x0000000798000000)
 ParOldGen       total 87552K, used 16K [0x0000000740000000, 0x0000000745580000, 0x0000000795580000)
  object space 87552K, 0% used [0x0000000740000000,0x0000000740004000,0x0000000745580000)
 Metaspace       used 20765K, capacity 21155K, committed 21248K, reserved 1069056K
  class space    used 2158K, capacity 2296K, committed 2304K, reserved 1048576K
Event: 3.820 GC heap after
Heap after GC invocations=2 (full 0):
 PSYoungGen      total 38400K, used 5105K [0x0000000795580000, 0x0000000798000000, 0x00000007c0000000)
  eden space 33280K, 0% used [0x0000000795580000,0x0000000795580000,0x0000000797600000)
  from space 5120K, 99% used [0x0000000797b00000,0x0000000797ffc790,0x0000000798000000)
  to   space 5120K, 0% used [0x0000000797600000,0x0000000797600000,0x0000000797b00000)
 ParOldGen       total 87552K, used 3206K [0x0000000740000000, 0x0000000745580000, 0x0000000795580000)
  object space 87552K, 3% used [0x0000000740000000,0x0000000740321ac8,0x0000000745580000)
 Metaspace       used 20765K, capacity 21155K, committed 21248K, reserved 1069056K
  class space    used 2158K, capacity 2296K, committed 2304K, reserved 1048576K
}
Event: 3.827 GC heap before
{Heap before GC invocations=3 (full 0):
 PSYoungGen      total 38400K, used 5868K [0x0000000795580000, 0x0000000798000000, 0x00000007c0000000)
  eden space 33280K, 2% used [0x0000000795580000,0x000000079563eb20,0x0000000797600000)
  from space 5120K, 99% used [0x0000000797b00000,0x0000000797ffc790,0x0000000798000000)
  to   space 5120K, 0% used [0x0000000797600000,0x0000000797600000,0x0000000797b00000)
 ParOldGen       total 87552K, used 3206K [0x0000000740000000, 0x0000000745580000, 0x0000000795580000)
  object space 87552K, 3% used [0x0000000740000000,0x0000000740321ac8,0x0000000745580000)
 Metaspace       used 20810K, capacity 21219K, committed 21248K, reserved 1069056K
  class space    used 2169K, capacity 2296K, committed 2304K, reserved 1048576K
Event: 3.832 GC heap after
Heap after GC invocations=3 (full 0):
 PSYoungGen      total 38400K, used 5089K [0x0000000795580000, 0x000000079a080000, 0x00000007c0000000)
  eden space 33280K, 0% used [0x0000000795580000,0x0000000795580000,0x0000000797600000)
  from space 5120K, 99% used [0x0000000797600000,0x0000000797af8780,0x0000000797b00000)
  to   space 5120K, 0% used [0x0000000799b80000,0x0000000799b80000,0x000000079a080000)
 ParOldGen       total 87552K, used 3408K [0x0000000740000000, 0x0000000745580000, 0x0000000795580000)
  object space 87552K, 3% used [0x0000000740000000,0x00000007403542e8,0x0000000745580000)
 Metaspace       used 20810K, capacity 21219K, committed 21248K, reserved 1069056K
  class space    used 2169K, capacity 2296K, committed 2304K, reserved 1048576K
}
Event: 3.832 GC heap before
{Heap before GC invocations=4 (full 1):
 PSYoungGen      total 38400K, used 5089K [0x0000000795580000, 0x000000079a080000, 0x00000007c0000000)
  eden space 33280K, 0% used [0x0000000795580000,0x0000000795580000,0x0000000797600000)
  from space 5120K, 99% used [0x0000000797600000,0x0000000797af8780,0x0000000797b00000)
  to   space 5120K, 0% used [0x0000000799b80000,0x0000000799b80000,0x000000079a080000)
 ParOldGen       total 87552K, used 3408K [0x0000000740000000, 0x0000000745580000, 0x0000000795580000)
  object space 87552K, 3% used [0x0000000740000000,0x00000007403542e8,0x0000000745580000)
 Metaspace       used 20810K, capacity 21219K, committed 21248K, reserved 1069056K
  class space    used 2169K, capacity 2296K, committed 2304K, reserved 1048576K
Event: 3.867 GC heap after
Heap after GC invocations=4 (full 1):
 PSYoungGen      total 38400K, used 0K [0x0000000795580000, 0x000000079a080000, 0x00000007c0000000)
  eden space 33280K, 0% used [0x0000000795580000,0x0000000795580000,0x0000000797600000)
  from space 5120K, 0% used [0x0000000797600000,0x0000000797600000,0x0000000797b00000)
  to   space 5120K, 0% used [0x0000000799b80000,0x0000000799b80000,0x000000079a080000)
 ParOldGen       total 46592K, used 7064K [0x0000000740000000, 0x0000000742d80000, 0x0000000795580000)
  object space 46592K, 15% used [0x0000000740000000,0x00000007406e6170,0x0000000742d80000)
 Metaspace       used 20810K, capacity 21219K, committed 21248K, reserved 1069056K
  class space    used 2169K, capacity 2296K, committed 2304K, reserved 1048576K
}
Event: 4.645 GC heap before
{Heap before GC invocations=5 (full 1):
 PSYoungGen      total 38400K, used 33280K [0x0000000795580000, 0x000000079a080000, 0x00000007c0000000)
  eden space 33280K, 100% used [0x0000000795580000,0x0000000797600000,0x0000000797600000)
  from space 5120K, 0% used [0x0000000797600000,0x0000000797600000,0x0000000797b00000)
  to   space 5120K, 0% used [0x0000000799b80000,0x0000000799b80000,0x000000079a080000)
 ParOldGen       total 46592K, used 7064K [0x0000000740000000, 0x0000000742d80000, 0x0000000795580000)
  object space 46592K, 15% used [0x0000000740000000,0x00000007406e6170,0x0000000742d80000)
 Metaspace       used 23949K, capacity 24361K, committed 24704K, reserved 1071104K
  class space    used 2456K, capacity 2591K, committed 2688K, reserved 1048576K
Event: 4.659 GC heap after
Heap after GC invocations=5 (full 1):
 PSYoungGen      total 69120K, used 5101K [0x0000000795580000, 0x000000079a080000, 0x00000007c0000000)
  eden space 64000K, 0% used [0x0000000795580000,0x0000000795580000,0x0000000799400000)
  from space 5120K, 99% used [0x0000000799b80000,0x000000079a07b4f0,0x000000079a080000)
  to   space 5120K, 0% used [0x0000000799680000,0x0000000799680000,0x0000000799b80000)
 ParOldGen       total 46592K, used 13929K [0x0000000740000000, 0x0000000742d80000, 0x0000000795580000)
  object space 46592K, 29% used [0x0000000740000000,0x0000000740d9a458,0x0000000742d80000)
 Metaspace       used 23949K, capacity 24361K, committed 24704K, reserved 1071104K
  class space    used 2456K, capacity 2591K, committed 2688K, reserved 1048576K
}
Event: 9.179 GC heap before
{Heap before GC invocations=6 (full 1):
 PSYoungGen      total 69120K, used 69101K [0x0000000795580000, 0x000000079a080000, 0x00000007c0000000)
  eden space 64000K, 100% used [0x0000000795580000,0x0000000799400000,0x0000000799400000)
  from space 5120K, 99% used [0x0000000799b80000,0x000000079a07b4f0,0x000000079a080000)
  to   space 5120K, 0% used [0x0000000799680000,0x0000000799680000,0x0000000799b80000)
 ParOldGen       total 46592K, used 13929K [0x0000000740000000, 0x0000000742d80000, 0x0000000795580000)
  object space 46592K, 29% used [0x0000000740000000,0x0000000740d9a458,0x0000000742d80000)
 Metaspace       used 24678K, capacity 25077K, committed 25472K, reserved 1073152K
  class space    used 2487K, capacity 2593K, committed 2688K, reserved 1048576K
Event: 9.187 GC heap after
Heap after GC invocations=6 (full 1):
 PSYoungGen      total 71680K, used 5070K [0x0000000795580000, 0x000000079e480000, 0x00000007c0000000)
  eden space 66560K, 0% used [0x0000000795580000,0x0000000795580000,0x0000000799680000)
  from space 5120K, 99% used [0x0000000799680000,0x0000000799b73bc8,0x0000000799b80000)
  to   space 12800K, 0% used [0x000000079d800000,0x000000079d800000,0x000000079e480000)
 ParOldGen       total 46592K, used 15729K [0x0000000740000000, 0x0000000742d80000, 0x0000000795580000)
  object space 46592K, 33% used [0x0000000740000000,0x0000000740f5c4c8,0x0000000742d80000)
 Metaspace       used 24678K, capacity 25077K, committed 25472K, reserved 1073152K
  class space    used 2487K, capacity 2593K, committed 2688K, reserved 1048576K
}

