# JRE version: Java(TM) SE Runtime Environment (8.0_191-b12) (build 1.8.0_191-b12)
# Java VM: Java HotSpot(TM) 64-Bit Server VM (25.191-b12 mixed mode bsd-amd64 compressed oops)
Heap:
 PSYoungGen      total 53248K, used 7609K [0x0000000795580000, 0x0000000799000000, 0x00000007c0000000)
  eden space 48128K, 5% used [0x0000000795580000,0x00000007957f2140,0x0000000798480000)
  from space 5120K, 99% used [0x0000000798b00000,0x0000000798ffc520,0x0000000799000000)
  to   space 5120K, 0% used [0x0000000798600000,0x0000000798600000,0x0000000798b00000)
 ParOldGen       total 63488K, used 20757K [0x0000000740000000, 0x0000000743e00000, 0x0000000795580000)
  object space 63488K, 32% used [0x0000000740000000,0x0000000741445778,0x0000000743e00000)
 Metaspace       used 24250K, capacity 24665K, committed 25008K, reserved 1071104K
  class space    used 2472K, capacity 2625K, committed 2736K, reserved 1048576K
GC Heap History (10 events):
Event: 2.309 GC heap before
{Heap before GC invocations=1 (full 0):
 PSYoungGen      total 38400K, used 33280K [0x0000000795580000, 0x0000000798000000, 0x00000007c0000000)
  eden space 33280K, 100% used [0x0000000795580000,0x0000000797600000,0x0000000797600000)
  from space 5120K, 0% used [0x0000000797b00000,0x0000000797b00000,0x0000000798000000)
  to   space 5120K, 0% used [0x0000000797600000,0x0000000797600000,0x0000000797b00000)
 ParOldGen       total 87552K, used 0K [0x0000000740000000, 0x0000000745580000, 0x0000000795580000)
  object space 87552K, 0% used [0x0000000740000000,0x0000000740000000,0x0000000745580000)
 Metaspace       used 16280K, capacity 16619K, committed 17024K, reserved 1064960K
  class space    used 1678K, capacity 1794K, committed 1920K, reserved 1048576K
Event: 2.314 GC heap after
Heap after GC invocations=1 (full 0):
 PSYoungGen      total 38400K, used 5044K [0x0000000795580000, 0x0000000798000000, 0x00000007c0000000)
  eden space 33280K, 0% used [0x0000000795580000,0x0000000795580000,0x0000000797600000)
  from space 5120K, 98% used [0x0000000797600000,0x0000000797aed010,0x0000000797b00000)
  to   space 5120K, 0% used [0x0000000797b00000,0x0000000797b00000,0x0000000798000000)
 ParOldGen       total 87552K, used 16K [0x0000000740000000, 0x0000000745580000, 0x0000000795580000)
  object space 87552K, 0% used [0x0000000740000000,0x0000000740004000,0x0000000745580000)
 Metaspace       used 16280K, capacity 16619K, committed 17024K, reserved 1064960K
  class space    used 1678K, capacity 1794K, committed 1920K, reserved 1048576K
}
Event: 3.113 GC heap before
{Heap before GC invocations=2 (full 0):
 PSYoungGen      total 38400K, used 26822K [0x0000000795580000, 0x0000000798000000, 0x00000007c0000000)
  eden space 33280K, 65% used [0x0000000795580000,0x0000000796ac4900,0x0000000797600000)
  from space 5120K, 98% used [0x0000000797600000,0x0000000797aed010,0x0000000797b00000)
  to   space 5120K, 0% used [0x0000000797b00000,0x0000000797b00000,0x0000000798000000)
 ParOldGen       total 87552K, used 16K [0x0000000740000000, 0x0000000745580000, 0x0000000795580000)
  object space 87552K, 0% used [0x0000000740000000,0x0000000740004000,0x0000000745580000)
 Metaspace       used 20755K, capacity 21187K, committed 21296K, reserved 1069056K
  class space    used 2167K, capacity 2326K, committed 2352K, reserved 1048576K
Event: 3.123 GC heap after
Heap after GC invocations=2 (full 0):
 PSYoungGen      total 38400K, used 5118K [0x0000000795580000, 0x0000000798000000, 0x00000007c0000000)
  eden space 33280K, 0% used [0x0000000795580000,0x0000000795580000,0x0000000797600000)
  from space 5120K, 99% used [0x0000000797b00000,0x0000000797fffb78,0x0000000798000000)
  to   space 5120K, 0% used [0x0000000797600000,0x0000000797600000,0x0000000797b00000)
 ParOldGen       total 87552K, used 2647K [0x0000000740000000, 0x0000000745580000, 0x0000000795580000)
  object space 87552K, 3% used [0x0000000740000000,0x0000000740295ed0,0x0000000745580000)
 Metaspace       used 20755K, capacity 21187K, committed 21296K, reserved 1069056K
  class space    used 2167K, capacity 2326K, committed 2352K, reserved 1048576K
}
Event: 3.123 GC heap before
{Heap before GC invocations=3 (full 1):
 PSYoungGen      total 38400K, used 5118K [0x0000000795580000, 0x0000000798000000, 0x00000007c0000000)
  eden space 33280K, 0% used [0x0000000795580000,0x0000000795580000,0x0000000797600000)
  from space 5120K, 99% used [0x0000000797b00000,0x0000000797fffb78,0x0000000798000000)
  to   space 5120K, 0% used [0x0000000797600000,0x0000000797600000,0x0000000797b00000)
 ParOldGen       total 87552K, used 2647K [0x0000000740000000, 0x0000000745580000, 0x0000000795580000)
  object space 87552K, 3% used [0x0000000740000000,0x0000000740295ed0,0x0000000745580000)
 Metaspace       used 20755K, capacity 21187K, committed 21296K, reserved 1069056K
  class space    used 2167K, capacity 2326K, committed 2352K, reserved 1048576K
Event: 3.153 GC heap after
Heap after GC invocations=3 (full 1):
 PSYoungGen      total 38400K, used 0K [0x0000000795580000, 0x0000000798000000, 0x00000007c0000000)
  eden space 33280K, 0% used [0x0000000795580000,0x0000000795580000,0x0000000797600000)
  from space 5120K, 0% used [0x0000000797b00000,0x0000000797b00000,0x0000000798000000)
  to   space 5120K, 0% used [0x0000000797600000,0x0000000797600000,0x0000000797b00000)
 ParOldGen       total 63488K, used 7630K [0x0000000740000000, 0x0000000743e00000, 0x0000000795580000)
  object space 63488K, 12% used [0x0000000740000000,0x00000007407739a0,0x0000000743e00000)
 Metaspace       used 20755K, capacity 21187K, committed 21296K, reserved 1069056K
  class space    used 2167K, capacity 2326K, committed 2352K, reserved 1048576K
}
Event: 3.679 GC heap before
{Heap before GC invocations=4 (full 1):
 PSYoungGen      total 38400K, used 33043K [0x0000000795580000, 0x0000000798000000, 0x00000007c0000000)
  eden space 33280K, 99% used [0x0000000795580000,0x00000007975c4f98,0x0000000797600000)
  from space 5120K, 0% used [0x0000000797b00000,0x0000000797b00000,0x0000000798000000)
  to   space 5120K, 0% used [0x0000000797600000,0x0000000797600000,0x0000000797b00000)
 ParOldGen       total 63488K, used 7630K [0x0000000740000000, 0x0000000743e00000, 0x0000000795580000)
  object space 63488K, 12% used [0x0000000740000000,0x00000007407739a0,0x0000000743e00000)
 Metaspace       used 23676K, capacity 24047K, committed 24368K, reserved 1071104K
  class space    used 2438K, capacity 2590K, committed 2608K, reserved 1048576K
Event: 3.687 GC heap after
Heap after GC invocations=4 (full 1):
 PSYoungGen      total 38400K, used 5098K [0x0000000795580000, 0x0000000799000000, 0x00000007c0000000)
  eden space 33280K, 0% used [0x0000000795580000,0x0000000795580000,0x0000000797600000)
  from space 5120K, 99% used [0x0000000797600000,0x0000000797afaac0,0x0000000797b00000)
  to   space 5120K, 0% used [0x0000000798b00000,0x0000000798b00000,0x0000000799000000)
 ParOldGen       total 63488K, used 17807K [0x0000000740000000, 0x0000000743e00000, 0x0000000795580000)
  object space 63488K, 28% used [0x0000000740000000,0x0000000741163e60,0x0000000743e00000)
 Metaspace       used 23676K, capacity 24047K, committed 24368K, reserved 1071104K
  class space    used 2438K, capacity 2590K, committed 2608K, reserved 1048576K
}
Event: 6.166 GC heap before
{Heap before GC invocations=5 (full 1):
 PSYoungGen      total 38400K, used 38378K [0x0000000795580000, 0x0000000799000000, 0x00000007c0000000)
  eden space 33280K, 100% used [0x0000000795580000,0x0000000797600000,0x0000000797600000)
  from space 5120K, 99% used [0x0000000797600000,0x0000000797afaac0,0x0000000797b00000)
  to   space 5120K, 0% used [0x0000000798b00000,0x0000000798b00000,0x0000000799000000)
 ParOldGen       total 63488K, used 17807K [0x0000000740000000, 0x0000000743e00000, 0x0000000795580000)
  object space 63488K, 28% used [0x0000000740000000,0x0000000741163e60,0x0000000743e00000)
 Metaspace       used 24170K, capacity 24565K, committed 24880K, reserved 1071104K
  class space    used 2458K, capacity 2591K, committed 2608K, reserved 1048576K
Event: 6.173 GC heap after
Heap after GC invocations=5 (full 1):
 PSYoungGen      total 53248K, used 5105K [0x0000000795580000, 0x0000000799000000, 0x00000007c0000000)
  eden space 48128K, 0% used [0x0000000795580000,0x0000000795580000,0x0000000798480000)
  from space 5120K, 99% used [0x0000000798b00000,0x0000000798ffc520,0x0000000799000000)
  to   space 5120K, 0% used [0x0000000798600000,0x0000000798600000,0x0000000798b00000)
 ParOldGen       total 63488K, used 20757K [0x0000000740000000, 0x0000000743e00000, 0x0000000795580000)
  object space 63488K, 32% used [0x0000000740000000,0x0000000741445778,0x0000000743e00000)
 Metaspace       used 24170K, capacity 24565K, committed 24880K, reserved 1071104K
  class space    used 2458K, capacity 2591K, committed 2608K, reserved 1048576K
}

