# JRE version: Java(TM) SE Runtime Environment (8.0_191-b12) (build 1.8.0_191-b12)
# Java VM: Java HotSpot(TM) 64-Bit Server VM (25.191-b12 mixed mode bsd-amd64 compressed oops)
Heap:
 PSYoungGen      total 54784K, used 21692K [0x0000000795580000, 0x000000079b500000, 0x00000007c0000000)
  eden space 49664K, 33% used [0x0000000795580000,0x00000007965b4818,0x0000000798600000)
  from space 5120K, 99% used [0x0000000798600000,0x0000000798afaad0,0x0000000798b00000)
  to   space 14848K, 0% used [0x000000079a680000,0x000000079a680000,0x000000079b500000)
 ParOldGen       total 64000K, used 21278K [0x0000000740000000, 0x0000000743e80000, 0x0000000795580000)
  object space 64000K, 33% used [0x0000000740000000,0x00000007414c7be8,0x0000000743e80000)
 Metaspace       used 24890K, capacity 25343K, committed 25776K, reserved 1073152K
  class space    used 2509K, capacity 2658K, committed 2736K, reserved 1048576K
GC Heap History (10 events):
Event: 2.985 GC heap before
{Heap before GC invocations=2 (full 0):
 PSYoungGen      total 38400K, used 28016K [0x0000000795580000, 0x0000000798000000, 0x00000007c0000000)
  eden space 33280K, 68% used [0x0000000795580000,0x0000000796beb508,0x0000000797600000)
  from space 5120K, 98% used [0x0000000797600000,0x0000000797af0cb0,0x0000000797b00000)
  to   space 5120K, 0% used [0x0000000797b00000,0x0000000797b00000,0x0000000798000000)
 ParOldGen       total 87552K, used 16K [0x0000000740000000, 0x0000000745580000, 0x0000000795580000)
  object space 87552K, 0% used [0x0000000740000000,0x0000000740004000,0x0000000745580000)
 Metaspace       used 20761K, capacity 21183K, committed 21296K, reserved 1069056K
  class space    used 2176K, capacity 2326K, committed 2352K, reserved 1048576K
Event: 2.995 GC heap after
Heap after GC invocations=2 (full 0):
 PSYoungGen      total 38400K, used 5100K [0x0000000795580000, 0x0000000798000000, 0x00000007c0000000)
  eden space 33280K, 0% used [0x0000000795580000,0x0000000795580000,0x0000000797600000)
  from space 5120K, 99% used [0x0000000797b00000,0x0000000797ffb270,0x0000000798000000)
  to   space 5120K, 0% used [0x0000000797600000,0x0000000797600000,0x0000000797b00000)
 ParOldGen       total 87552K, used 2641K [0x0000000740000000, 0x0000000745580000, 0x0000000795580000)
  object space 87552K, 3% used [0x0000000740000000,0x00000007402947f0,0x0000000745580000)
 Metaspace       used 20761K, capacity 21183K, committed 21296K, reserved 1069056K
  class space    used 2176K, capacity 2326K, committed 2352K, reserved 1048576K
}
Event: 2.995 GC heap before
{Heap before GC invocations=3 (full 1):
 PSYoungGen      total 38400K, used 5100K [0x0000000795580000, 0x0000000798000000, 0x00000007c0000000)
  eden space 33280K, 0% used [0x0000000795580000,0x0000000795580000,0x0000000797600000)
  from space 5120K, 99% used [0x0000000797b00000,0x0000000797ffb270,0x0000000798000000)
  to   space 5120K, 0% used [0x0000000797600000,0x0000000797600000,0x0000000797b00000)
 ParOldGen       total 87552K, used 2641K [0x0000000740000000, 0x0000000745580000, 0x0000000795580000)
  object space 87552K, 3% used [0x0000000740000000,0x00000007402947f0,0x0000000745580000)
 Metaspace       used 20761K, capacity 21183K, committed 21296K, reserved 1069056K
  class space    used 2176K, capacity 2326K, committed 2352K, reserved 1048576K
Event: 3.025 GC heap after
Heap after GC invocations=3 (full 1):
 PSYoungGen      total 38400K, used 0K [0x0000000795580000, 0x0000000798000000, 0x00000007c0000000)
  eden space 33280K, 0% used [0x0000000795580000,0x0000000795580000,0x0000000797600000)
  from space 5120K, 0% used [0x0000000797b00000,0x0000000797b00000,0x0000000798000000)
  to   space 5120K, 0% used [0x0000000797600000,0x0000000797600000,0x0000000797b00000)
 ParOldGen       total 64000K, used 7617K [0x0000000740000000, 0x0000000743e80000, 0x0000000795580000)
  object space 64000K, 11% used [0x0000000740000000,0x0000000740770440,0x0000000743e80000)
 Metaspace       used 20761K, capacity 21183K, committed 21296K, reserved 1069056K
  class space    used 2176K, capacity 2326K, committed 2352K, reserved 1048576K
}
Event: 3.621 GC heap before
{Heap before GC invocations=4 (full 1):
 PSYoungGen      total 38400K, used 33280K [0x0000000795580000, 0x0000000798000000, 0x00000007c0000000)
  eden space 33280K, 100% used [0x0000000795580000,0x0000000797600000,0x0000000797600000)
  from space 5120K, 0% used [0x0000000797b00000,0x0000000797b00000,0x0000000798000000)
  to   space 5120K, 0% used [0x0000000797600000,0x0000000797600000,0x0000000797b00000)
 ParOldGen       total 64000K, used 7617K [0x0000000740000000, 0x0000000743e80000, 0x0000000795580000)
  object space 64000K, 11% used [0x0000000740000000,0x0000000740770440,0x0000000743e80000)
 Metaspace       used 23752K, capacity 24171K, committed 24368K, reserved 1071104K
  class space    used 2454K, capacity 2590K, committed 2608K, reserved 1048576K
Event: 3.629 GC heap after
Heap after GC invocations=4 (full 1):
 PSYoungGen      total 38400K, used 5114K [0x0000000795580000, 0x0000000799000000, 0x00000007c0000000)
  eden space 33280K, 0% used [0x0000000795580000,0x0000000795580000,0x0000000797600000)
  from space 5120K, 99% used [0x0000000797600000,0x0000000797afeac0,0x0000000797b00000)
  to   space 5120K, 0% used [0x0000000798b00000,0x0000000798b00000,0x0000000799000000)
 ParOldGen       total 64000K, used 17663K [0x0000000740000000, 0x0000000743e80000, 0x0000000795580000)
  object space 64000K, 27% used [0x0000000740000000,0x000000074113ff60,0x0000000743e80000)
 Metaspace       used 23752K, capacity 24171K, committed 24368K, reserved 1071104K
  class space    used 2454K, capacity 2590K, committed 2608K, reserved 1048576K
}
Event: 5.034 GC heap before
{Heap before GC invocations=5 (full 1):
 PSYoungGen      total 38400K, used 38394K [0x0000000795580000, 0x0000000799000000, 0x00000007c0000000)
  eden space 33280K, 100% used [0x0000000795580000,0x0000000797600000,0x0000000797600000)
  from space 5120K, 99% used [0x0000000797600000,0x0000000797afeac0,0x0000000797b00000)
  to   space 5120K, 0% used [0x0000000798b00000,0x0000000798b00000,0x0000000799000000)
 ParOldGen       total 64000K, used 17663K [0x0000000740000000, 0x0000000743e80000, 0x0000000795580000)
  object space 64000K, 27% used [0x0000000740000000,0x000000074113ff60,0x0000000743e80000)
 Metaspace       used 24438K, capacity 24795K, committed 25008K, reserved 1071104K
  class space    used 2496K, capacity 2624K, committed 2736K, reserved 1048576K
Event: 5.042 GC heap after
Heap after GC invocations=5 (full 1):
 PSYoungGen      total 53760K, used 5098K [0x0000000795580000, 0x0000000799000000, 0x00000007c0000000)
  eden space 48640K, 0% used [0x0000000795580000,0x0000000795580000,0x0000000798500000)
  from space 5120K, 99% used [0x0000000798b00000,0x0000000798ffaad0,0x0000000799000000)
  to   space 5120K, 0% used [0x0000000798600000,0x0000000798600000,0x0000000798b00000)
 ParOldGen       total 64000K, used 21247K [0x0000000740000000, 0x0000000743e80000, 0x0000000795580000)
  object space 64000K, 33% used [0x0000000740000000,0x00000007414bff10,0x0000000743e80000)
 Metaspace       used 24438K, capacity 24795K, committed 25008K, reserved 1071104K
  class space    used 2496K, capacity 2624K, committed 2736K, reserved 1048576K
}
Event: 10.230 GC heap before
{Heap before GC invocations=6 (full 1):
 PSYoungGen      total 53760K, used 53738K [0x0000000795580000, 0x0000000799000000, 0x00000007c0000000)
  eden space 48640K, 100% used [0x0000000795580000,0x0000000798500000,0x0000000798500000)
  from space 5120K, 99% used [0x0000000798b00000,0x0000000798ffaad0,0x0000000799000000)
  to   space 5120K, 0% used [0x0000000798600000,0x0000000798600000,0x0000000798b00000)
 ParOldGen       total 64000K, used 21247K [0x0000000740000000, 0x0000000743e80000, 0x0000000795580000)
  object space 64000K, 33% used [0x0000000740000000,0x00000007414bff10,0x0000000743e80000)
 Metaspace       used 24780K, capacity 25179K, committed 25520K, reserved 1073152K
  class space    used 2497K, capacity 2624K, committed 2736K, reserved 1048576K
Event: 10.239 GC heap after
Heap after GC invocations=6 (full 1):
 PSYoungGen      total 54784K, used 5098K [0x0000000795580000, 0x000000079b500000, 0x00000007c0000000)
  eden space 49664K, 0% used [0x0000000795580000,0x0000000795580000,0x0000000798600000)
  from space 5120K, 99% used [0x0000000798600000,0x0000000798afaad0,0x0000000798b00000)
  to   space 14848K, 0% used [0x000000079a680000,0x000000079a680000,0x000000079b500000)
 ParOldGen       total 64000K, used 21278K [0x0000000740000000, 0x0000000743e80000, 0x0000000795580000)
  object space 64000K, 33% used [0x0000000740000000,0x00000007414c7be8,0x0000000743e80000)
 Metaspace       used 24780K, capacity 25179K, committed 25520K, reserved 1073152K
  class space    used 2497K, capacity 2624K, committed 2736K, reserved 1048576K
}

