# JRE version: Java(TM) SE Runtime Environment (8.0_191-b12) (build 1.8.0_191-b12)
# Java VM: Java HotSpot(TM) 64-Bit Server VM (25.191-b12 mixed mode bsd-amd64 compressed oops)
Heap:
 PSYoungGen      total 24576K, used 7116K [0x0000000795580000, 0x0000000796e80000, 0x00000007c0000000)
  eden space 24064K, 29% used [0x0000000795580000,0x0000000795c63160,0x0000000796d00000)
  from space 512K, 12% used [0x0000000796e00000,0x0000000796e10000,0x0000000796e80000)
  to   space 512K, 0% used [0x0000000796d80000,0x0000000796d80000,0x0000000796e00000)
 ParOldGen       total 87552K, used 11811K [0x0000000740000000, 0x0000000745580000, 0x0000000795580000)
  object space 87552K, 13% used [0x0000000740000000,0x0000000740b88e38,0x0000000745580000)
 Metaspace       used 19847K, capacity 20169K, committed 20352K, reserved 1067008K
  class space    used 1986K, capacity 2099K, committed 2176K, reserved 1048576K
GC Heap History (10 events):
Event: 1653.052 GC heap before
{Heap before GC invocations=96 (full 0):
 PSYoungGen      total 24576K, used 24128K [0x0000000795580000, 0x0000000796e80000, 0x00000007c0000000)
  eden space 24064K, 100% used [0x0000000795580000,0x0000000796d00000,0x0000000796d00000)
  from space 512K, 12% used [0x0000000796d80000,0x0000000796d90000,0x0000000796e00000)
  to   space 512K, 0% used [0x0000000796e00000,0x0000000796e00000,0x0000000796e80000)
 ParOldGen       total 87552K, used 11811K [0x0000000740000000, 0x0000000745580000, 0x0000000795580000)
  object space 87552K, 13% used [0x0000000740000000,0x0000000740b88e38,0x0000000745580000)
 Metaspace       used 19782K, capacity 20165K, committed 20352K, reserved 1067008K
  class space    used 1972K, capacity 2097K, committed 2176K, reserved 1048576K
Event: 1653.054 GC heap after
Heap after GC invocations=96 (full 0):
 PSYoungGen      total 24576K, used 64K [0x0000000795580000, 0x0000000796e80000, 0x00000007c0000000)
  eden space 24064K, 0% used [0x0000000795580000,0x0000000795580000,0x0000000796d00000)
  from space 512K, 12% used [0x0000000796e00000,0x0000000796e10000,0x0000000796e80000)
  to   space 512K, 0% used [0x0000000796d80000,0x0000000796d80000,0x0000000796e00000)
 ParOldGen       total 87552K, used 11811K [0x0000000740000000, 0x0000000745580000, 0x0000000795580000)
  object space 87552K, 13% used [0x0000000740000000,0x0000000740b88e38,0x0000000745580000)
 Metaspace       used 19782K, capacity 20165K, committed 20352K, reserved 1067008K
  class space    used 1972K, capacity 2097K, committed 2176K, reserved 1048576K
}
Event: 1669.770 GC heap before
{Heap before GC invocations=97 (full 0):
 PSYoungGen      total 24576K, used 24128K [0x0000000795580000, 0x0000000796e80000, 0x00000007c0000000)
  eden space 24064K, 100% used [0x0000000795580000,0x0000000796d00000,0x0000000796d00000)
  from space 512K, 12% used [0x0000000796e00000,0x0000000796e10000,0x0000000796e80000)
  to   space 512K, 0% used [0x0000000796d80000,0x0000000796d80000,0x0000000796e00000)
 ParOldGen       total 87552K, used 11811K [0x0000000740000000, 0x0000000745580000, 0x0000000795580000)
  object space 87552K, 13% used [0x0000000740000000,0x0000000740b88e38,0x0000000745580000)
 Metaspace       used 19782K, capacity 20165K, committed 20352K, reserved 1067008K
  class space    used 1972K, capacity 2097K, committed 2176K, reserved 1048576K
Event: 1669.772 GC heap after
Heap after GC invocations=97 (full 0):
 PSYoungGen      total 24576K, used 96K [0x0000000795580000, 0x0000000796e80000, 0x00000007c0000000)
  eden space 24064K, 0% used [0x0000000795580000,0x0000000795580000,0x0000000796d00000)
  from space 512K, 18% used [0x0000000796d80000,0x0000000796d98000,0x0000000796e00000)
  to   space 512K, 0% used [0x0000000796e00000,0x0000000796e00000,0x0000000796e80000)
 ParOldGen       total 87552K, used 11811K [0x0000000740000000, 0x0000000745580000, 0x0000000795580000)
  object space 87552K, 13% used [0x0000000740000000,0x0000000740b88e38,0x0000000745580000)
 Metaspace       used 19782K, capacity 20165K, committed 20352K, reserved 1067008K
  class space    used 1972K, capacity 2097K, committed 2176K, reserved 1048576K
}
Event: 1686.437 GC heap before
{Heap before GC invocations=98 (full 0):
 PSYoungGen      total 24576K, used 24160K [0x0000000795580000, 0x0000000796e80000, 0x00000007c0000000)
  eden space 24064K, 100% used [0x0000000795580000,0x0000000796d00000,0x0000000796d00000)
  from space 512K, 18% used [0x0000000796d80000,0x0000000796d98000,0x0000000796e00000)
  to   space 512K, 0% used [0x0000000796e00000,0x0000000796e00000,0x0000000796e80000)
 ParOldGen       total 87552K, used 11811K [0x0000000740000000, 0x0000000745580000, 0x0000000795580000)
  object space 87552K, 13% used [0x0000000740000000,0x0000000740b88e38,0x0000000745580000)
 Metaspace       used 19782K, capacity 20165K, committed 20352K, reserved 1067008K
  class space    used 1972K, capacity 2097K, committed 2176K, reserved 1048576K
Event: 1686.438 GC heap after
Heap after GC invocations=98 (full 0):
 PSYoungGen      total 24576K, used 64K [0x0000000795580000, 0x0000000796e80000, 0x00000007c0000000)
  eden space 24064K, 0% used [0x0000000795580000,0x0000000795580000,0x0000000796d00000)
  from space 512K, 12% used [0x0000000796e00000,0x0000000796e10000,0x0000000796e80000)
  to   space 512K, 0% used [0x0000000796d80000,0x0000000796d80000,0x0000000796e00000)
 ParOldGen       total 87552K, used 11811K [0x0000000740000000, 0x0000000745580000, 0x0000000795580000)
  object space 87552K, 13% used [0x0000000740000000,0x0000000740b88e38,0x0000000745580000)
 Metaspace       used 19782K, capacity 20165K, committed 20352K, reserved 1067008K
  class space    used 1972K, capacity 2097K, committed 2176K, reserved 1048576K
}
Event: 1703.166 GC heap before
{Heap before GC invocations=99 (full 0):
 PSYoungGen      total 24576K, used 24128K [0x0000000795580000, 0x0000000796e80000, 0x00000007c0000000)
  eden space 24064K, 100% used [0x0000000795580000,0x0000000796d00000,0x0000000796d00000)
  from space 512K, 12% used [0x0000000796e00000,0x0000000796e10000,0x0000000796e80000)
  to   space 512K, 0% used [0x0000000796d80000,0x0000000796d80000,0x0000000796e00000)
 ParOldGen       total 87552K, used 11811K [0x0000000740000000, 0x0000000745580000, 0x0000000795580000)
  object space 87552K, 13% used [0x0000000740000000,0x0000000740b88e38,0x0000000745580000)
 Metaspace       used 19782K, capacity 20165K, committed 20352K, reserved 1067008K
  class space    used 1972K, capacity 2097K, committed 2176K, reserved 1048576K
Event: 1703.167 GC heap after
Heap after GC invocations=99 (full 0):
 PSYoungGen      total 24576K, used 96K [0x0000000795580000, 0x0000000796e80000, 0x00000007c0000000)
  eden space 24064K, 0% used [0x0000000795580000,0x0000000795580000,0x0000000796d00000)
  from space 512K, 18% used [0x0000000796d80000,0x0000000796d98000,0x0000000796e00000)
  to   space 512K, 0% used [0x0000000796e00000,0x0000000796e00000,0x0000000796e80000)
 ParOldGen       total 87552K, used 11811K [0x0000000740000000, 0x0000000745580000, 0x0000000795580000)
  object space 87552K, 13% used [0x0000000740000000,0x0000000740b88e38,0x0000000745580000)
 Metaspace       used 19782K, capacity 20165K, committed 20352K, reserved 1067008K
  class space    used 1972K, capacity 2097K, committed 2176K, reserved 1048576K
}
Event: 1719.893 GC heap before
{Heap before GC invocations=100 (full 0):
 PSYoungGen      total 24576K, used 24160K [0x0000000795580000, 0x0000000796e80000, 0x00000007c0000000)
  eden space 24064K, 100% used [0x0000000795580000,0x0000000796d00000,0x0000000796d00000)
  from space 512K, 18% used [0x0000000796d80000,0x0000000796d98000,0x0000000796e00000)
  to   space 512K, 0% used [0x0000000796e00000,0x0000000796e00000,0x0000000796e80000)
 ParOldGen       total 87552K, used 11811K [0x0000000740000000, 0x0000000745580000, 0x0000000795580000)
  object space 87552K, 13% used [0x0000000740000000,0x0000000740b88e38,0x0000000745580000)
 Metaspace       used 19782K, capacity 20165K, committed 20352K, reserved 1067008K
  class space    used 1972K, capacity 2097K, committed 2176K, reserved 1048576K
Event: 1719.894 GC heap after
Heap after GC invocations=100 (full 0):
 PSYoungGen      total 24576K, used 64K [0x0000000795580000, 0x0000000796e80000, 0x00000007c0000000)
  eden space 24064K, 0% used [0x0000000795580000,0x0000000795580000,0x0000000796d00000)
  from space 512K, 12% used [0x0000000796e00000,0x0000000796e10000,0x0000000796e80000)
  to   space 512K, 0% used [0x0000000796d80000,0x0000000796d80000,0x0000000796e00000)
 ParOldGen       total 87552K, used 11811K [0x0000000740000000, 0x0000000745580000, 0x0000000795580000)
  object space 87552K, 13% used [0x0000000740000000,0x0000000740b88e38,0x0000000745580000)
 Metaspace       used 19782K, capacity 20165K, committed 20352K, reserved 1067008K
  class space    used 1972K, capacity 2097K, committed 2176K, reserved 1048576K
}

