# JRE version: Java(TM) SE Runtime Environment (8.0_191-b12) (build 1.8.0_191-b12)
# Java VM: Java HotSpot(TM) 64-Bit Server VM (25.191-b12 mixed mode bsd-amd64 compressed oops)
Heap:
 PSYoungGen      total 50176K, used 34105K [0x0000000795580000, 0x0000000798d00000, 0x00000007c0000000)
  eden space 45056K, 64% used [0x0000000795580000,0x00000007971d6450,0x0000000798180000)
  from space 5120K, 99% used [0x0000000798800000,0x0000000798cf8120,0x0000000798d00000)
  to   space 5120K, 0% used [0x0000000798300000,0x0000000798300000,0x0000000798800000)
 ParOldGen       total 66560K, used 16743K [0x0000000740000000, 0x0000000744100000, 0x0000000795580000)
  object space 66560K, 25% used [0x0000000740000000,0x0000000741059f68,0x0000000744100000)
 Metaspace       used 25054K, capacity 25449K, committed 25776K, reserved 1073152K
  class space    used 2502K, capacity 2627K, committed 2736K, reserved 1048576K
GC Heap History (10 events):
Event: 4.151 GC heap before
{Heap before GC invocations=1 (full 0):
 PSYoungGen      total 38400K, used 33280K [0x0000000795580000, 0x0000000798000000, 0x00000007c0000000)
  eden space 33280K, 100% used [0x0000000795580000,0x0000000797600000,0x0000000797600000)
  from space 5120K, 0% used [0x0000000797b00000,0x0000000797b00000,0x0000000798000000)
  to   space 5120K, 0% used [0x0000000797600000,0x0000000797600000,0x0000000797b00000)
 ParOldGen       total 87552K, used 0K [0x0000000740000000, 0x0000000745580000, 0x0000000795580000)
  object space 87552K, 0% used [0x0000000740000000,0x0000000740000000,0x0000000745580000)
 Metaspace       used 16315K, capacity 16625K, committed 17024K, reserved 1064960K
  class space    used 1686K, capacity 1795K, committed 1920K, reserved 1048576K
Event: 4.161 GC heap after
Heap after GC invocations=1 (full 0):
 PSYoungGen      total 38400K, used 5103K [0x0000000795580000, 0x0000000798000000, 0x00000007c0000000)
  eden space 33280K, 0% used [0x0000000795580000,0x0000000795580000,0x0000000797600000)
  from space 5120K, 99% used [0x0000000797600000,0x0000000797afbd40,0x0000000797b00000)
  to   space 5120K, 0% used [0x0000000797b00000,0x0000000797b00000,0x0000000798000000)
 ParOldGen       total 87552K, used 53K [0x0000000740000000, 0x0000000745580000, 0x0000000795580000)
  object space 87552K, 0% used [0x0000000740000000,0x000000074000d750,0x0000000745580000)
 Metaspace       used 16315K, capacity 16625K, committed 17024K, reserved 1064960K
  class space    used 1686K, capacity 1795K, committed 1920K, reserved 1048576K
}
Event: 5.381 GC heap before
{Heap before GC invocations=2 (full 0):
 PSYoungGen      total 38400K, used 37588K [0x0000000795580000, 0x0000000798000000, 0x00000007c0000000)
  eden space 33280K, 97% used [0x0000000795580000,0x00000007975395a8,0x0000000797600000)
  from space 5120K, 99% used [0x0000000797600000,0x0000000797afbd40,0x0000000797b00000)
  to   space 5120K, 0% used [0x0000000797b00000,0x0000000797b00000,0x0000000798000000)
 ParOldGen       total 87552K, used 53K [0x0000000740000000, 0x0000000745580000, 0x0000000795580000)
  object space 87552K, 0% used [0x0000000740000000,0x000000074000d750,0x0000000745580000)
 Metaspace       used 20755K, capacity 21141K, committed 21296K, reserved 1069056K
  class space    used 2180K, capacity 2329K, committed 2352K, reserved 1048576K
Event: 5.390 GC heap after
Heap after GC invocations=2 (full 0):
 PSYoungGen      total 38400K, used 5104K [0x0000000795580000, 0x0000000798000000, 0x00000007c0000000)
  eden space 33280K, 0% used [0x0000000795580000,0x0000000795580000,0x0000000797600000)
  from space 5120K, 99% used [0x0000000797b00000,0x0000000797ffc070,0x0000000798000000)
  to   space 5120K, 0% used [0x0000000797600000,0x0000000797600000,0x0000000797b00000)
 ParOldGen       total 87552K, used 2923K [0x0000000740000000, 0x0000000745580000, 0x0000000795580000)
  object space 87552K, 3% used [0x0000000740000000,0x00000007402dad28,0x0000000745580000)
 Metaspace       used 20755K, capacity 21141K, committed 21296K, reserved 1069056K
  class space    used 2180K, capacity 2329K, committed 2352K, reserved 1048576K
}
Event: 5.390 GC heap before
{Heap before GC invocations=3 (full 1):
 PSYoungGen      total 38400K, used 5104K [0x0000000795580000, 0x0000000798000000, 0x00000007c0000000)
  eden space 33280K, 0% used [0x0000000795580000,0x0000000795580000,0x0000000797600000)
  from space 5120K, 99% used [0x0000000797b00000,0x0000000797ffc070,0x0000000798000000)
  to   space 5120K, 0% used [0x0000000797600000,0x0000000797600000,0x0000000797b00000)
 ParOldGen       total 87552K, used 2923K [0x0000000740000000, 0x0000000745580000, 0x0000000795580000)
  object space 87552K, 3% used [0x0000000740000000,0x00000007402dad28,0x0000000745580000)
 Metaspace       used 20755K, capacity 21141K, committed 21296K, reserved 1069056K
  class space    used 2180K, capacity 2329K, committed 2352K, reserved 1048576K
Event: 5.436 GC heap after
Heap after GC invocations=3 (full 1):
 PSYoungGen      total 38400K, used 0K [0x0000000795580000, 0x0000000798000000, 0x00000007c0000000)
  eden space 33280K, 0% used [0x0000000795580000,0x0000000795580000,0x0000000797600000)
  from space 5120K, 0% used [0x0000000797b00000,0x0000000797b00000,0x0000000798000000)
  to   space 5120K, 0% used [0x0000000797600000,0x0000000797600000,0x0000000797b00000)
 ParOldGen       total 66560K, used 7854K [0x0000000740000000, 0x0000000744100000, 0x0000000795580000)
  object space 66560K, 11% used [0x0000000740000000,0x00000007407ab890,0x0000000744100000)
 Metaspace       used 20755K, capacity 21141K, committed 21296K, reserved 1069056K
  class space    used 2180K, capacity 2329K, committed 2352K, reserved 1048576K
}
Event: 6.735 GC heap before
{Heap before GC invocations=4 (full 1):
 PSYoungGen      total 38400K, used 33280K [0x0000000795580000, 0x0000000798000000, 0x00000007c0000000)
  eden space 33280K, 100% used [0x0000000795580000,0x0000000797600000,0x0000000797600000)
  from space 5120K, 0% used [0x0000000797b00000,0x0000000797b00000,0x0000000798000000)
  to   space 5120K, 0% used [0x0000000797600000,0x0000000797600000,0x0000000797b00000)
 ParOldGen       total 66560K, used 7854K [0x0000000740000000, 0x0000000744100000, 0x0000000795580000)
  object space 66560K, 11% used [0x0000000740000000,0x00000007407ab890,0x0000000744100000)
 Metaspace       used 24197K, capacity 24613K, committed 25008K, reserved 1071104K
  class space    used 2489K, capacity 2625K, committed 2736K, reserved 1048576K
Event: 6.744 GC heap after
Heap after GC invocations=4 (full 1):
 PSYoungGen      total 38400K, used 5117K [0x0000000795580000, 0x0000000798d00000, 0x00000007c0000000)
  eden space 33280K, 0% used [0x0000000795580000,0x0000000795580000,0x0000000797600000)
  from space 5120K, 99% used [0x0000000797600000,0x0000000797aff460,0x0000000797b00000)
  to   space 5120K, 0% used [0x0000000798800000,0x0000000798800000,0x0000000798d00000)
 ParOldGen       total 66560K, used 14258K [0x0000000740000000, 0x0000000744100000, 0x0000000795580000)
  object space 66560K, 21% used [0x0000000740000000,0x0000000740decb98,0x0000000744100000)
 Metaspace       used 24197K, capacity 24613K, committed 25008K, reserved 1071104K
  class space    used 2489K, capacity 2625K, committed 2736K, reserved 1048576K
}
Event: 10.494 GC heap before
{Heap before GC invocations=5 (full 1):
 PSYoungGen      total 38400K, used 38397K [0x0000000795580000, 0x0000000798d00000, 0x00000007c0000000)
  eden space 33280K, 100% used [0x0000000795580000,0x0000000797600000,0x0000000797600000)
  from space 5120K, 99% used [0x0000000797600000,0x0000000797aff460,0x0000000797b00000)
  to   space 5120K, 0% used [0x0000000798800000,0x0000000798800000,0x0000000798d00000)
 ParOldGen       total 66560K, used 14258K [0x0000000740000000, 0x0000000744100000, 0x0000000795580000)
  object space 66560K, 21% used [0x0000000740000000,0x0000000740decb98,0x0000000744100000)
 Metaspace       used 24753K, capacity 25189K, committed 25520K, reserved 1073152K
  class space    used 2489K, capacity 2625K, committed 2736K, reserved 1048576K
Event: 10.500 GC heap after
Heap after GC invocations=5 (full 1):
 PSYoungGen      total 50176K, used 5088K [0x0000000795580000, 0x0000000798d00000, 0x00000007c0000000)
  eden space 45056K, 0% used [0x0000000795580000,0x0000000795580000,0x0000000798180000)
  from space 5120K, 99% used [0x0000000798800000,0x0000000798cf8120,0x0000000798d00000)
  to   space 5120K, 0% used [0x0000000798300000,0x0000000798300000,0x0000000798800000)
 ParOldGen       total 66560K, used 16743K [0x0000000740000000, 0x0000000744100000, 0x0000000795580000)
  object space 66560K, 25% used [0x0000000740000000,0x0000000741059f68,0x0000000744100000)
 Metaspace       used 24753K, capacity 25189K, committed 25520K, reserved 1073152K
  class space    used 2489K, capacity 2625K, committed 2736K, reserved 1048576K
}

