# JRE version: Java(TM) SE Runtime Environment (8.0_191-b12) (build 1.8.0_191-b12)
# Java VM: Java HotSpot(TM) 64-Bit Server VM (25.191-b12 mixed mode bsd-amd64 compressed oops)
Heap:
 PSYoungGen      total 94208K, used 77413K [0x0000000795580000, 0x000000079c200000, 0x00000007c0000000)
  eden space 82432K, 87% used [0x0000000795580000,0x0000000799c35600,0x000000079a600000)
  from space 11776K, 42% used [0x000000079b680000,0x000000079bb640c0,0x000000079c200000)
  to   space 14336K, 0% used [0x000000079a600000,0x000000079a600000,0x000000079b400000)
 ParOldGen       total 64000K, used 21219K [0x0000000740000000, 0x0000000743e80000, 0x0000000795580000)
  object space 64000K, 33% used [0x0000000740000000,0x00000007414b8e08,0x0000000743e80000)
 Metaspace       used 24928K, capacity 25325K, committed 25520K, reserved 1073152K
  class space    used 2496K, capacity 2657K, committed 2736K, reserved 1048576K
GC Heap History (10 events):
Event: 5.082 GC heap before
{Heap before GC invocations=5 (full 1):
 PSYoungGen      total 38400K, used 38368K [0x0000000795580000, 0x0000000799000000, 0x00000007c0000000)
  eden space 33280K, 100% used [0x0000000795580000,0x0000000797600000,0x0000000797600000)
  from space 5120K, 99% used [0x0000000797600000,0x0000000797af8130,0x0000000797b00000)
  to   space 5120K, 0% used [0x0000000798b00000,0x0000000798b00000,0x0000000799000000)
 ParOldGen       total 64000K, used 18203K [0x0000000740000000, 0x0000000743e80000, 0x0000000795580000)
  object space 64000K, 28% used [0x0000000740000000,0x00000007411c6c78,0x0000000743e80000)
 Metaspace       used 24086K, capacity 24515K, committed 24624K, reserved 1071104K
  class space    used 2451K, capacity 2558K, committed 2608K, reserved 1048576K
Event: 5.087 GC heap after
Heap after GC invocations=5 (full 1):
 PSYoungGen      total 53248K, used 5104K [0x0000000795580000, 0x0000000799000000, 0x00000007c0000000)
  eden space 48128K, 0% used [0x0000000795580000,0x0000000795580000,0x0000000798480000)
  from space 5120K, 99% used [0x0000000798b00000,0x0000000798ffc0d0,0x0000000799000000)
  to   space 5120K, 0% used [0x0000000798600000,0x0000000798600000,0x0000000798b00000)
 ParOldGen       total 64000K, used 20955K [0x0000000740000000, 0x0000000743e80000, 0x0000000795580000)
  object space 64000K, 32% used [0x0000000740000000,0x0000000741476df8,0x0000000743e80000)
 Metaspace       used 24086K, capacity 24515K, committed 24624K, reserved 1071104K
  class space    used 2451K, capacity 2558K, committed 2608K, reserved 1048576K
}
Event: 10.155 GC heap before
{Heap before GC invocations=6 (full 1):
 PSYoungGen      total 53248K, used 53232K [0x0000000795580000, 0x0000000799000000, 0x00000007c0000000)
  eden space 48128K, 100% used [0x0000000795580000,0x0000000798480000,0x0000000798480000)
  from space 5120K, 99% used [0x0000000798b00000,0x0000000798ffc0d0,0x0000000799000000)
  to   space 5120K, 0% used [0x0000000798600000,0x0000000798600000,0x0000000798b00000)
 ParOldGen       total 64000K, used 20955K [0x0000000740000000, 0x0000000743e80000, 0x0000000795580000)
  object space 64000K, 32% used [0x0000000740000000,0x0000000741476df8,0x0000000743e80000)
 Metaspace       used 24601K, capacity 25001K, committed 25136K, reserved 1071104K
  class space    used 2481K, capacity 2591K, committed 2608K, reserved 1048576K
Event: 10.161 GC heap after
Heap after GC invocations=6 (full 1):
 PSYoungGen      total 54784K, used 4992K [0x0000000795580000, 0x000000079b580000, 0x00000007c0000000)
  eden space 49664K, 0% used [0x0000000795580000,0x0000000795580000,0x0000000798600000)
  from space 5120K, 97% used [0x0000000798600000,0x0000000798ae00d0,0x0000000798b00000)
  to   space 15872K, 0% used [0x000000079a600000,0x000000079a600000,0x000000079b580000)
 ParOldGen       total 64000K, used 21219K [0x0000000740000000, 0x0000000743e80000, 0x0000000795580000)
  object space 64000K, 33% used [0x0000000740000000,0x00000007414b8e08,0x0000000743e80000)
 Metaspace       used 24601K, capacity 25001K, committed 25136K, reserved 1071104K
  class space    used 2481K, capacity 2591K, committed 2608K, reserved 1048576K
}
Event: 15.519 GC heap before
{Heap before GC invocations=7 (full 1):
 PSYoungGen      total 54784K, used 54656K [0x0000000795580000, 0x000000079b580000, 0x00000007c0000000)
  eden space 49664K, 100% used [0x0000000795580000,0x0000000798600000,0x0000000798600000)
  from space 5120K, 97% used [0x0000000798600000,0x0000000798ae00d0,0x0000000798b00000)
  to   space 15872K, 0% used [0x000000079a600000,0x000000079a600000,0x000000079b580000)
 ParOldGen       total 64000K, used 21219K [0x0000000740000000, 0x0000000743e80000, 0x0000000795580000)
  object space 64000K, 33% used [0x0000000740000000,0x00000007414b8e08,0x0000000743e80000)
 Metaspace       used 24723K, capacity 25129K, committed 25392K, reserved 1073152K
  class space    used 2481K, capacity 2591K, committed 2608K, reserved 1048576K
Event: 15.524 GC heap after
Heap after GC invocations=7 (full 1):
 PSYoungGen      total 80384K, used 4992K [0x0000000795580000, 0x000000079b400000, 0x00000007c0000000)
  eden space 66048K, 0% used [0x0000000795580000,0x0000000795580000,0x0000000799600000)
  from space 14336K, 34% used [0x000000079a600000,0x000000079aae00d0,0x000000079b400000)
  to   space 15360K, 0% used [0x0000000799600000,0x0000000799600000,0x000000079a500000)
 ParOldGen       total 64000K, used 21219K [0x0000000740000000, 0x0000000743e80000, 0x0000000795580000)
  object space 64000K, 33% used [0x0000000740000000,0x00000007414b8e08,0x0000000743e80000)
 Metaspace       used 24723K, capacity 25129K, committed 25392K, reserved 1073152K
  class space    used 2481K, capacity 2591K, committed 2608K, reserved 1048576K
}
Event: 22.953 GC heap before
{Heap before GC invocations=8 (full 1):
 PSYoungGen      total 80384K, used 71040K [0x0000000795580000, 0x000000079b400000, 0x00000007c0000000)
  eden space 66048K, 100% used [0x0000000795580000,0x0000000799600000,0x0000000799600000)
  from space 14336K, 34% used [0x000000079a600000,0x000000079aae00d0,0x000000079b400000)
  to   space 15360K, 0% used [0x0000000799600000,0x0000000799600000,0x000000079a500000)
 ParOldGen       total 64000K, used 21219K [0x0000000740000000, 0x0000000743e80000, 0x0000000795580000)
  object space 64000K, 33% used [0x0000000740000000,0x00000007414b8e08,0x0000000743e80000)
 Metaspace       used 24810K, capacity 25193K, committed 25392K, reserved 1073152K
  class space    used 2483K, capacity 2591K, committed 2608K, reserved 1048576K
Event: 22.959 GC heap after
Heap after GC invocations=8 (full 1):
 PSYoungGen      total 81408K, used 5008K [0x0000000795580000, 0x000000079c500000, 0x00000007c0000000)
  eden space 66048K, 0% used [0x0000000795580000,0x0000000795580000,0x0000000799600000)
  from space 15360K, 32% used [0x0000000799600000,0x0000000799ae40c0,0x000000079a500000)
  to   space 14848K, 0% used [0x000000079b680000,0x000000079b680000,0x000000079c500000)
 ParOldGen       total 64000K, used 21219K [0x0000000740000000, 0x0000000743e80000, 0x0000000795580000)
  object space 64000K, 33% used [0x0000000740000000,0x00000007414b8e08,0x0000000743e80000)
 Metaspace       used 24810K, capacity 25193K, committed 25392K, reserved 1073152K
  class space    used 2483K, capacity 2591K, committed 2608K, reserved 1048576K
}
Event: 30.329 GC heap before
{Heap before GC invocations=9 (full 1):
 PSYoungGen      total 81408K, used 71056K [0x0000000795580000, 0x000000079c500000, 0x00000007c0000000)
  eden space 66048K, 100% used [0x0000000795580000,0x0000000799600000,0x0000000799600000)
  from space 15360K, 32% used [0x0000000799600000,0x0000000799ae40c0,0x000000079a500000)
  to   space 14848K, 0% used [0x000000079b680000,0x000000079b680000,0x000000079c500000)
 ParOldGen       total 64000K, used 21219K [0x0000000740000000, 0x0000000743e80000, 0x0000000795580000)
  object space 64000K, 33% used [0x0000000740000000,0x00000007414b8e08,0x0000000743e80000)
 Metaspace       used 24811K, capacity 25193K, committed 25392K, reserved 1073152K
  class space    used 2483K, capacity 2591K, committed 2608K, reserved 1048576K
Event: 30.339 GC heap after
Heap after GC invocations=9 (full 1):
 PSYoungGen      total 94208K, used 5008K [0x0000000795580000, 0x000000079c200000, 0x00000007c0000000)
  eden space 82432K, 0% used [0x0000000795580000,0x0000000795580000,0x000000079a600000)
  from space 11776K, 42% used [0x000000079b680000,0x000000079bb640c0,0x000000079c200000)
  to   space 14336K, 0% used [0x000000079a600000,0x000000079a600000,0x000000079b400000)
 ParOldGen       total 64000K, used 21219K [0x0000000740000000, 0x0000000743e80000, 0x0000000795580000)
  object space 64000K, 33% used [0x0000000740000000,0x00000007414b8e08,0x0000000743e80000)
 Metaspace       used 24811K, capacity 25193K, committed 25392K, reserved 1073152K
  class space    used 2483K, capacity 2591K, committed 2608K, reserved 1048576K
}

