# JRE version: Java(TM) SE Runtime Environment (8.0_191-b12) (build 1.8.0_191-b12)
# Java VM: Java HotSpot(TM) 64-Bit Server VM (25.191-b12 mixed mode bsd-amd64 compressed oops)
Heap:
 PSYoungGen      total 136192K, used 101359K [0x0000000795580000, 0x00000007a4c00000, 0x00000007c0000000)
  eden space 123392K, 78% used [0x0000000795580000,0x000000079b3dcd98,0x000000079ce00000)
  from space 12800K, 36% used [0x000000079ce00000,0x000000079d29f1a8,0x000000079da80000)
  to   space 12288K, 0% used [0x00000007a4000000,0x00000007a4000000,0x00000007a4c00000)
 ParOldGen       total 46592K, used 16063K [0x0000000740000000, 0x0000000742d80000, 0x0000000795580000)
  object space 46592K, 34% used [0x0000000740000000,0x0000000740faff28,0x0000000742d80000)
 Metaspace       used 25039K, capacity 25495K, committed 25728K, reserved 1073152K
  class space    used 2500K, capacity 2626K, committed 2688K, reserved 1048576K
GC Heap History (10 events):
Event: 3.891 GC heap before
{Heap before GC invocations=4 (full 1):
 PSYoungGen      total 38400K, used 5108K [0x0000000795580000, 0x000000079a080000, 0x00000007c0000000)
  eden space 33280K, 0% used [0x0000000795580000,0x0000000795580000,0x0000000797600000)
  from space 5120K, 99% used [0x0000000797600000,0x0000000797afd108,0x0000000797b00000)
  to   space 5120K, 0% used [0x0000000799b80000,0x0000000799b80000,0x000000079a080000)
 ParOldGen       total 87552K, used 3358K [0x0000000740000000, 0x0000000745580000, 0x0000000795580000)
  object space 87552K, 3% used [0x0000000740000000,0x00000007403479a8,0x0000000745580000)
 Metaspace       used 20795K, capacity 21209K, committed 21248K, reserved 1069056K
  class space    used 2160K, capacity 2293K, committed 2304K, reserved 1048576K
Event: 3.918 GC heap after
Heap after GC invocations=4 (full 1):
 PSYoungGen      total 38400K, used 0K [0x0000000795580000, 0x000000079a080000, 0x00000007c0000000)
  eden space 33280K, 0% used [0x0000000795580000,0x0000000795580000,0x0000000797600000)
  from space 5120K, 0% used [0x0000000797600000,0x0000000797600000,0x0000000797b00000)
  to   space 5120K, 0% used [0x0000000799b80000,0x0000000799b80000,0x000000079a080000)
 ParOldGen       total 46592K, used 7249K [0x0000000740000000, 0x0000000742d80000, 0x0000000795580000)
  object space 46592K, 15% used [0x0000000740000000,0x0000000740714558,0x0000000742d80000)
 Metaspace       used 20795K, capacity 21209K, committed 21248K, reserved 1069056K
  class space    used 2160K, capacity 2293K, committed 2304K, reserved 1048576K
}
Event: 4.607 GC heap before
{Heap before GC invocations=5 (full 1):
 PSYoungGen      total 38400K, used 33280K [0x0000000795580000, 0x000000079a080000, 0x00000007c0000000)
  eden space 33280K, 100% used [0x0000000795580000,0x0000000797600000,0x0000000797600000)
  from space 5120K, 0% used [0x0000000797600000,0x0000000797600000,0x0000000797b00000)
  to   space 5120K, 0% used [0x0000000799b80000,0x0000000799b80000,0x000000079a080000)
 ParOldGen       total 46592K, used 7249K [0x0000000740000000, 0x0000000742d80000, 0x0000000795580000)
  object space 46592K, 15% used [0x0000000740000000,0x0000000740714558,0x0000000742d80000)
 Metaspace       used 23993K, capacity 24357K, committed 24704K, reserved 1071104K
  class space    used 2458K, capacity 2589K, committed 2688K, reserved 1048576K
Event: 4.616 GC heap after
Heap after GC invocations=5 (full 1):
 PSYoungGen      total 69632K, used 5099K [0x0000000795580000, 0x000000079a080000, 0x00000007c0000000)
  eden space 64512K, 0% used [0x0000000795580000,0x0000000795580000,0x0000000799480000)
  from space 5120K, 99% used [0x0000000799b80000,0x000000079a07af60,0x000000079a080000)
  to   space 5120K, 0% used [0x0000000799680000,0x0000000799680000,0x0000000799b80000)
 ParOldGen       total 46592K, used 14255K [0x0000000740000000, 0x0000000742d80000, 0x0000000795580000)
  object space 46592K, 30% used [0x0000000740000000,0x0000000740debeb8,0x0000000742d80000)
 Metaspace       used 23993K, capacity 24357K, committed 24704K, reserved 1071104K
  class space    used 2458K, capacity 2589K, committed 2688K, reserved 1048576K
}
Event: 9.083 GC heap before
{Heap before GC invocations=6 (full 1):
 PSYoungGen      total 69632K, used 69611K [0x0000000795580000, 0x000000079a080000, 0x00000007c0000000)
  eden space 64512K, 100% used [0x0000000795580000,0x0000000799480000,0x0000000799480000)
  from space 5120K, 99% used [0x0000000799b80000,0x000000079a07af60,0x000000079a080000)
  to   space 5120K, 0% used [0x0000000799680000,0x0000000799680000,0x0000000799b80000)
 ParOldGen       total 46592K, used 14255K [0x0000000740000000, 0x0000000742d80000, 0x0000000795580000)
  object space 46592K, 30% used [0x0000000740000000,0x0000000740debeb8,0x0000000742d80000)
 Metaspace       used 24810K, capacity 25139K, committed 25472K, reserved 1073152K
  class space    used 2486K, capacity 2592K, committed 2688K, reserved 1048576K
Event: 9.089 GC heap after
Heap after GC invocations=6 (full 1):
 PSYoungGen      total 71680K, used 5050K [0x0000000795580000, 0x000000079e700000, 0x00000007c0000000)
  eden space 66560K, 0% used [0x0000000795580000,0x0000000795580000,0x0000000799680000)
  from space 5120K, 98% used [0x0000000799680000,0x0000000799b6eb20,0x0000000799b80000)
  to   space 12800K, 0% used [0x000000079da80000,0x000000079da80000,0x000000079e700000)
 ParOldGen       total 46592K, used 16055K [0x0000000740000000, 0x0000000742d80000, 0x0000000795580000)
  object space 46592K, 34% used [0x0000000740000000,0x0000000740fadf28,0x0000000742d80000)
 Metaspace       used 24810K, capacity 25139K, committed 25472K, reserved 1073152K
  class space    used 2486K, capacity 2592K, committed 2688K, reserved 1048576K
}
Event: 14.878 GC heap before
{Heap before GC invocations=7 (full 1):
 PSYoungGen      total 71680K, used 71610K [0x0000000795580000, 0x000000079e700000, 0x00000007c0000000)
  eden space 66560K, 100% used [0x0000000795580000,0x0000000799680000,0x0000000799680000)
  from space 5120K, 98% used [0x0000000799680000,0x0000000799b6eb20,0x0000000799b80000)
  to   space 12800K, 0% used [0x000000079da80000,0x000000079da80000,0x000000079e700000)
 ParOldGen       total 46592K, used 16055K [0x0000000740000000, 0x0000000742d80000, 0x0000000795580000)
  object space 46592K, 34% used [0x0000000740000000,0x0000000740fadf28,0x0000000742d80000)
 Metaspace       used 24924K, capacity 25331K, committed 25728K, reserved 1073152K
  class space    used 2486K, capacity 2592K, committed 2688K, reserved 1048576K
Event: 14.884 GC heap after
Heap after GC invocations=7 (full 1):
 PSYoungGen      total 136192K, used 4732K [0x0000000795580000, 0x000000079e900000, 0x00000007c0000000)
  eden space 123392K, 0% used [0x0000000795580000,0x0000000795580000,0x000000079ce00000)
  from space 12800K, 36% used [0x000000079da80000,0x000000079df1f1a8,0x000000079e700000)
  to   space 12800K, 0% used [0x000000079ce00000,0x000000079ce00000,0x000000079da80000)
 ParOldGen       total 46592K, used 16063K [0x0000000740000000, 0x0000000742d80000, 0x0000000795580000)
  object space 46592K, 34% used [0x0000000740000000,0x0000000740faff28,0x0000000742d80000)
 Metaspace       used 24924K, capacity 25331K, committed 25728K, reserved 1073152K
  class space    used 2486K, capacity 2592K, committed 2688K, reserved 1048576K
}
Event: 25.979 GC heap before
{Heap before GC invocations=8 (full 1):
 PSYoungGen      total 136192K, used 128124K [0x0000000795580000, 0x000000079e900000, 0x00000007c0000000)
  eden space 123392K, 100% used [0x0000000795580000,0x000000079ce00000,0x000000079ce00000)
  from space 12800K, 36% used [0x000000079da80000,0x000000079df1f1a8,0x000000079e700000)
  to   space 12800K, 0% used [0x000000079ce00000,0x000000079ce00000,0x000000079da80000)
 ParOldGen       total 46592K, used 16063K [0x0000000740000000, 0x0000000742d80000, 0x0000000795580000)
  object space 46592K, 34% used [0x0000000740000000,0x0000000740faff28,0x0000000742d80000)
 Metaspace       used 24933K, capacity 25331K, committed 25728K, reserved 1073152K
  class space    used 2486K, capacity 2592K, committed 2688K, reserved 1048576K
Event: 25.984 GC heap after
Heap after GC invocations=8 (full 1):
 PSYoungGen      total 136192K, used 4732K [0x0000000795580000, 0x00000007a4c00000, 0x00000007c0000000)
  eden space 123392K, 0% used [0x0000000795580000,0x0000000795580000,0x000000079ce00000)
  from space 12800K, 36% used [0x000000079ce00000,0x000000079d29f1a8,0x000000079da80000)
  to   space 12288K, 0% used [0x00000007a4000000,0x00000007a4000000,0x00000007a4c00000)
 ParOldGen       total 46592K, used 16063K [0x0000000740000000, 0x0000000742d80000, 0x0000000795580000)
  object space 46592K, 34% used [0x0000000740000000,0x0000000740faff28,0x0000000742d80000)
 Metaspace       used 24933K, capacity 25331K, committed 25728K, reserved 1073152K
  class space    used 2486K, capacity 2592K, committed 2688K, reserved 1048576K
}

