# JRE version: Java(TM) SE Runtime Environment (8.0_191-b12) (build 1.8.0_191-b12)
# Java VM: Java HotSpot(TM) 64-Bit Server VM (25.191-b12 mixed mode bsd-amd64 compressed oops)
Heap:
 PSYoungGen      total 37888K, used 18050K [0x0000000795580000, 0x0000000798d80000, 0x00000007c0000000)
  eden space 32768K, 39% used [0x0000000795580000,0x0000000796231ea8,0x0000000797580000)
  from space 5120K, 98% used [0x0000000797600000,0x0000000797aeec30,0x0000000797b00000)
  to   space 12288K, 0% used [0x0000000798180000,0x0000000798180000,0x0000000798d80000)
 ParOldGen       total 45568K, used 15785K [0x0000000740000000, 0x0000000742c80000, 0x0000000795580000)
  object space 45568K, 34% used [0x0000000740000000,0x0000000740f6a740,0x0000000742c80000)
 Metaspace       used 24970K, capacity 25345K, committed 25728K, reserved 1073152K
  class space    used 2504K, capacity 2635K, committed 2688K, reserved 1048576K
GC Heap History (10 events):
Event: 6.722 GC heap before
{Heap before GC invocations=2 (full 0):
 PSYoungGen      total 38400K, used 38372K [0x0000000795580000, 0x0000000798000000, 0x00000007c0000000)
  eden space 33280K, 100% used [0x0000000795580000,0x0000000797600000,0x0000000797600000)
  from space 5120K, 99% used [0x0000000797600000,0x0000000797af9020,0x0000000797b00000)
  to   space 5120K, 0% used [0x0000000797b00000,0x0000000797b00000,0x0000000798000000)
 ParOldGen       total 87552K, used 8K [0x0000000740000000, 0x0000000745580000, 0x0000000795580000)
  object space 87552K, 0% used [0x0000000740000000,0x0000000740002000,0x0000000745580000)
 Metaspace       used 20755K, capacity 21167K, committed 21248K, reserved 1069056K
  class space    used 2155K, capacity 2296K, committed 2304K, reserved 1048576K
Event: 6.732 GC heap after
Heap after GC invocations=2 (full 0):
 PSYoungGen      total 38400K, used 5088K [0x0000000795580000, 0x0000000798000000, 0x00000007c0000000)
  eden space 33280K, 0% used [0x0000000795580000,0x0000000795580000,0x0000000797600000)
  from space 5120K, 99% used [0x0000000797b00000,0x0000000797ff8060,0x0000000798000000)
  to   space 5120K, 0% used [0x0000000797600000,0x0000000797600000,0x0000000797b00000)
 ParOldGen       total 87552K, used 3075K [0x0000000740000000, 0x0000000745580000, 0x0000000795580000)
  object space 87552K, 3% used [0x0000000740000000,0x0000000740300e98,0x0000000745580000)
 Metaspace       used 20755K, capacity 21167K, committed 21248K, reserved 1069056K
  class space    used 2155K, capacity 2296K, committed 2304K, reserved 1048576K
}
Event: 6.733 GC heap before
{Heap before GC invocations=3 (full 1):
 PSYoungGen      total 38400K, used 5088K [0x0000000795580000, 0x0000000798000000, 0x00000007c0000000)
  eden space 33280K, 0% used [0x0000000795580000,0x0000000795580000,0x0000000797600000)
  from space 5120K, 99% used [0x0000000797b00000,0x0000000797ff8060,0x0000000798000000)
  to   space 5120K, 0% used [0x0000000797600000,0x0000000797600000,0x0000000797b00000)
 ParOldGen       total 87552K, used 3075K [0x0000000740000000, 0x0000000745580000, 0x0000000795580000)
  object space 87552K, 3% used [0x0000000740000000,0x0000000740300e98,0x0000000745580000)
 Metaspace       used 20755K, capacity 21167K, committed 21248K, reserved 1069056K
  class space    used 2155K, capacity 2296K, committed 2304K, reserved 1048576K
Event: 6.767 GC heap after
Heap after GC invocations=3 (full 1):
 PSYoungGen      total 38400K, used 0K [0x0000000795580000, 0x0000000798000000, 0x00000007c0000000)
  eden space 33280K, 0% used [0x0000000795580000,0x0000000795580000,0x0000000797600000)
  from space 5120K, 0% used [0x0000000797b00000,0x0000000797b00000,0x0000000798000000)
  to   space 5120K, 0% used [0x0000000797600000,0x0000000797600000,0x0000000797b00000)
 ParOldGen       total 45568K, used 8027K [0x0000000740000000, 0x0000000742c80000, 0x0000000795580000)
  object space 45568K, 17% used [0x0000000740000000,0x00000007407d6f88,0x0000000742c80000)
 Metaspace       used 20755K, capacity 21167K, committed 21248K, reserved 1069056K
  class space    used 2155K, capacity 2296K, committed 2304K, reserved 1048576K
}
Event: 8.382 GC heap before
{Heap before GC invocations=4 (full 1):
 PSYoungGen      total 38400K, used 33280K [0x0000000795580000, 0x0000000798000000, 0x00000007c0000000)
  eden space 33280K, 100% used [0x0000000795580000,0x0000000797600000,0x0000000797600000)
  from space 5120K, 0% used [0x0000000797b00000,0x0000000797b00000,0x0000000798000000)
  to   space 5120K, 0% used [0x0000000797600000,0x0000000797600000,0x0000000797b00000)
 ParOldGen       total 45568K, used 8027K [0x0000000740000000, 0x0000000742c80000, 0x0000000795580000)
  object space 45568K, 17% used [0x0000000740000000,0x00000007407d6f88,0x0000000742c80000)
 Metaspace       used 24075K, capacity 24433K, committed 24704K, reserved 1071104K
  class space    used 2457K, capacity 2567K, committed 2688K, reserved 1048576K
Event: 8.390 GC heap after
Heap after GC invocations=4 (full 1):
 PSYoungGen      total 38400K, used 5117K [0x0000000795580000, 0x0000000799000000, 0x00000007c0000000)
  eden space 33280K, 0% used [0x0000000795580000,0x0000000795580000,0x0000000797600000)
  from space 5120K, 99% used [0x0000000797600000,0x0000000797aff4f8,0x0000000797b00000)
  to   space 5120K, 0% used [0x0000000798b00000,0x0000000798b00000,0x0000000799000000)
 ParOldGen       total 45568K, used 13721K [0x0000000740000000, 0x0000000742c80000, 0x0000000795580000)
  object space 45568K, 30% used [0x0000000740000000,0x0000000740d666c0,0x0000000742c80000)
 Metaspace       used 24075K, capacity 24433K, committed 24704K, reserved 1071104K
  class space    used 2457K, capacity 2567K, committed 2688K, reserved 1048576K
}
Event: 12.081 GC heap before
{Heap before GC invocations=5 (full 1):
 PSYoungGen      total 38400K, used 38397K [0x0000000795580000, 0x0000000799000000, 0x00000007c0000000)
  eden space 33280K, 100% used [0x0000000795580000,0x0000000797600000,0x0000000797600000)
  from space 5120K, 99% used [0x0000000797600000,0x0000000797aff4f8,0x0000000797b00000)
  to   space 5120K, 0% used [0x0000000798b00000,0x0000000798b00000,0x0000000799000000)
 ParOldGen       total 45568K, used 13721K [0x0000000740000000, 0x0000000742c80000, 0x0000000795580000)
  object space 45568K, 30% used [0x0000000740000000,0x0000000740d666c0,0x0000000742c80000)
 Metaspace       used 24449K, capacity 24817K, committed 25216K, reserved 1071104K
  class space    used 2457K, capacity 2567K, committed 2688K, reserved 1048576K
Event: 12.086 GC heap after
Heap after GC invocations=5 (full 1):
 PSYoungGen      total 38400K, used 5100K [0x0000000795580000, 0x0000000799000000, 0x00000007c0000000)
  eden space 33280K, 0% used [0x0000000795580000,0x0000000795580000,0x0000000797600000)
  from space 5120K, 99% used [0x0000000798b00000,0x0000000798ffb328,0x0000000799000000)
  to   space 5120K, 0% used [0x0000000797600000,0x0000000797600000,0x0000000797b00000)
 ParOldGen       total 45568K, used 15777K [0x0000000740000000, 0x0000000742c80000, 0x0000000795580000)
  object space 45568K, 34% used [0x0000000740000000,0x0000000740f68740,0x0000000742c80000)
 Metaspace       used 24449K, capacity 24817K, committed 25216K, reserved 1071104K
  class space    used 2457K, capacity 2567K, committed 2688K, reserved 1048576K
}
Event: 18.148 GC heap before
{Heap before GC invocations=6 (full 1):
 PSYoungGen      total 38400K, used 38380K [0x0000000795580000, 0x0000000799000000, 0x00000007c0000000)
  eden space 33280K, 100% used [0x0000000795580000,0x0000000797600000,0x0000000797600000)
  from space 5120K, 99% used [0x0000000798b00000,0x0000000798ffb328,0x0000000799000000)
  to   space 5120K, 0% used [0x0000000797600000,0x0000000797600000,0x0000000797b00000)
 ParOldGen       total 45568K, used 15777K [0x0000000740000000, 0x0000000742c80000, 0x0000000795580000)
  object space 45568K, 34% used [0x0000000740000000,0x0000000740f68740,0x0000000742c80000)
 Metaspace       used 24875K, capacity 25309K, committed 25728K, reserved 1073152K
  class space    used 2491K, capacity 2601K, committed 2688K, reserved 1048576K
Event: 18.152 GC heap after
Heap after GC invocations=6 (full 1):
 PSYoungGen      total 37888K, used 5051K [0x0000000795580000, 0x0000000798d80000, 0x00000007c0000000)
  eden space 32768K, 0% used [0x0000000795580000,0x0000000795580000,0x0000000797580000)
  from space 5120K, 98% used [0x0000000797600000,0x0000000797aeec30,0x0000000797b00000)
  to   space 12288K, 0% used [0x0000000798180000,0x0000000798180000,0x0000000798d80000)
 ParOldGen       total 45568K, used 15785K [0x0000000740000000, 0x0000000742c80000, 0x0000000795580000)
  object space 45568K, 34% used [0x0000000740000000,0x0000000740f6a740,0x0000000742c80000)
 Metaspace       used 24875K, capacity 25309K, committed 25728K, reserved 1073152K
  class space    used 2491K, capacity 2601K, committed 2688K, reserved 1048576K
}

