# JRE version: Java(TM) SE Runtime Environment (8.0_191-b12) (build 1.8.0_191-b12)
# Java VM: Java HotSpot(TM) 64-Bit Server VM (25.191-b12 mixed mode bsd-amd64 compressed oops)
Heap:
 PSYoungGen      total 136704K, used 33099K [0x0000000795580000, 0x00000007a4e80000, 0x00000007c0000000)
  eden space 123904K, 22% used [0x0000000795580000,0x000000079710f7d8,0x000000079ce80000)
  from space 12800K, 38% used [0x000000079ce80000,0x000000079d343450,0x000000079db00000)
  to   space 12288K, 0% used [0x00000007a4280000,0x00000007a4280000,0x00000007a4e80000)
 ParOldGen       total 46080K, used 16597K [0x0000000740000000, 0x0000000742d00000, 0x0000000795580000)
  object space 46080K, 36% used [0x0000000740000000,0x0000000741035470,0x0000000742d00000)
 Metaspace       used 24876K, capacity 25267K, committed 25648K, reserved 1073152K
  class space    used 2473K, capacity 2594K, committed 2608K, reserved 1048576K
GC Heap History (10 events):
Event: 3.051 GC heap before
{Heap before GC invocations=4 (full 1):
 PSYoungGen      total 38400K, used 5089K [0x0000000795580000, 0x000000079a080000, 0x00000007c0000000)
  eden space 33280K, 0% used [0x0000000795580000,0x0000000795580000,0x0000000797600000)
  from space 5120K, 99% used [0x0000000797600000,0x0000000797af8740,0x0000000797b00000)
  to   space 5120K, 0% used [0x0000000799b80000,0x0000000799b80000,0x000000079a080000)
 ParOldGen       total 87552K, used 3236K [0x0000000740000000, 0x0000000745580000, 0x0000000795580000)
  object space 87552K, 3% used [0x0000000740000000,0x00000007403292e8,0x0000000745580000)
 Metaspace       used 20815K, capacity 21247K, committed 21296K, reserved 1069056K
  class space    used 2177K, capacity 2328K, committed 2352K, reserved 1048576K
Event: 3.080 GC heap after
Heap after GC invocations=4 (full 1):
 PSYoungGen      total 38400K, used 0K [0x0000000795580000, 0x000000079a080000, 0x00000007c0000000)
  eden space 33280K, 0% used [0x0000000795580000,0x0000000795580000,0x0000000797600000)
  from space 5120K, 0% used [0x0000000797600000,0x0000000797600000,0x0000000797b00000)
  to   space 5120K, 0% used [0x0000000799b80000,0x0000000799b80000,0x000000079a080000)
 ParOldGen       total 46080K, used 7070K [0x0000000740000000, 0x0000000742d00000, 0x0000000795580000)
  object space 46080K, 15% used [0x0000000740000000,0x00000007406e7a98,0x0000000742d00000)
 Metaspace       used 20815K, capacity 21247K, committed 21296K, reserved 1069056K
  class space    used 2177K, capacity 2328K, committed 2352K, reserved 1048576K
}
Event: 3.798 GC heap before
{Heap before GC invocations=5 (full 1):
 PSYoungGen      total 38400K, used 33280K [0x0000000795580000, 0x000000079a080000, 0x00000007c0000000)
  eden space 33280K, 100% used [0x0000000795580000,0x0000000797600000,0x0000000797600000)
  from space 5120K, 0% used [0x0000000797600000,0x0000000797600000,0x0000000797b00000)
  to   space 5120K, 0% used [0x0000000799b80000,0x0000000799b80000,0x000000079a080000)
 ParOldGen       total 46080K, used 7073K [0x0000000740000000, 0x0000000742d00000, 0x0000000795580000)
  object space 46080K, 15% used [0x0000000740000000,0x00000007406e8660,0x0000000742d00000)
 Metaspace       used 23963K, capacity 24355K, committed 24624K, reserved 1071104K
  class space    used 2460K, capacity 2590K, committed 2608K, reserved 1048576K
Event: 3.805 GC heap after
Heap after GC invocations=5 (full 1):
 PSYoungGen      total 69632K, used 5117K [0x0000000795580000, 0x000000079a080000, 0x00000007c0000000)
  eden space 64512K, 0% used [0x0000000795580000,0x0000000795580000,0x0000000799480000)
  from space 5120K, 99% used [0x0000000799b80000,0x000000079a07f480,0x000000079a080000)
  to   space 5120K, 0% used [0x0000000799680000,0x0000000799680000,0x0000000799b80000)
 ParOldGen       total 46080K, used 14668K [0x0000000740000000, 0x0000000742d00000, 0x0000000795580000)
  object space 46080K, 31% used [0x0000000740000000,0x0000000740e53190,0x0000000742d00000)
 Metaspace       used 23963K, capacity 24355K, committed 24624K, reserved 1071104K
  class space    used 2460K, capacity 2590K, committed 2608K, reserved 1048576K
}
Event: 7.970 GC heap before
{Heap before GC invocations=6 (full 1):
 PSYoungGen      total 69632K, used 69629K [0x0000000795580000, 0x000000079a080000, 0x00000007c0000000)
  eden space 64512K, 100% used [0x0000000795580000,0x0000000799480000,0x0000000799480000)
  from space 5120K, 99% used [0x0000000799b80000,0x000000079a07f480,0x000000079a080000)
  to   space 5120K, 0% used [0x0000000799680000,0x0000000799680000,0x0000000799b80000)
 ParOldGen       total 46080K, used 14670K [0x0000000740000000, 0x0000000742d00000, 0x0000000795580000)
  object space 46080K, 31% used [0x0000000740000000,0x0000000740e539e8,0x0000000742d00000)
 Metaspace       used 24550K, capacity 24943K, committed 25136K, reserved 1071104K
  class space    used 2461K, capacity 2592K, committed 2608K, reserved 1048576K
Event: 7.975 GC heap after
Heap after GC invocations=6 (full 1):
 PSYoungGen      total 71680K, used 5117K [0x0000000795580000, 0x000000079e780000, 0x00000007c0000000)
  eden space 66560K, 0% used [0x0000000795580000,0x0000000795580000,0x0000000799680000)
  from space 5120K, 99% used [0x0000000799680000,0x0000000799b7f480,0x0000000799b80000)
  to   space 12800K, 0% used [0x000000079db00000,0x000000079db00000,0x000000079e780000)
 ParOldGen       total 46080K, used 16581K [0x0000000740000000, 0x0000000742d00000, 0x0000000795580000)
  object space 46080K, 35% used [0x0000000740000000,0x0000000741031470,0x0000000742d00000)
 Metaspace       used 24550K, capacity 24943K, committed 25136K, reserved 1071104K
  class space    used 2461K, capacity 2592K, committed 2608K, reserved 1048576K
}
Event: 13.799 GC heap before
{Heap before GC invocations=7 (full 1):
 PSYoungGen      total 71680K, used 71677K [0x0000000795580000, 0x000000079e780000, 0x00000007c0000000)
  eden space 66560K, 100% used [0x0000000795580000,0x0000000799680000,0x0000000799680000)
  from space 5120K, 99% used [0x0000000799680000,0x0000000799b7f480,0x0000000799b80000)
  to   space 12800K, 0% used [0x000000079db00000,0x000000079db00000,0x000000079e780000)
 ParOldGen       total 46080K, used 16581K [0x0000000740000000, 0x0000000742d00000, 0x0000000795580000)
  object space 46080K, 35% used [0x0000000740000000,0x0000000741031470,0x0000000742d00000)
 Metaspace       used 24753K, capacity 25135K, committed 25392K, reserved 1073152K
  class space    used 2461K, capacity 2592K, committed 2608K, reserved 1048576K
Event: 13.804 GC heap after
Heap after GC invocations=7 (full 1):
 PSYoungGen      total 136704K, used 4893K [0x0000000795580000, 0x000000079e980000, 0x00000007c0000000)
  eden space 123904K, 0% used [0x0000000795580000,0x0000000795580000,0x000000079ce80000)
  from space 12800K, 38% used [0x000000079db00000,0x000000079dfc7440,0x000000079e780000)
  to   space 12800K, 0% used [0x000000079ce80000,0x000000079ce80000,0x000000079db00000)
 ParOldGen       total 46080K, used 16589K [0x0000000740000000, 0x0000000742d00000, 0x0000000795580000)
  object space 46080K, 36% used [0x0000000740000000,0x0000000741033470,0x0000000742d00000)
 Metaspace       used 24753K, capacity 25135K, committed 25392K, reserved 1073152K
  class space    used 2461K, capacity 2592K, committed 2608K, reserved 1048576K
}
Event: 24.901 GC heap before
{Heap before GC invocations=8 (full 1):
 PSYoungGen      total 136704K, used 128797K [0x0000000795580000, 0x000000079e980000, 0x00000007c0000000)
  eden space 123904K, 100% used [0x0000000795580000,0x000000079ce80000,0x000000079ce80000)
  from space 12800K, 38% used [0x000000079db00000,0x000000079dfc7440,0x000000079e780000)
  to   space 12800K, 0% used [0x000000079ce80000,0x000000079ce80000,0x000000079db00000)
 ParOldGen       total 46080K, used 16589K [0x0000000740000000, 0x0000000742d00000, 0x0000000795580000)
  object space 46080K, 36% used [0x0000000740000000,0x0000000741033470,0x0000000742d00000)
 Metaspace       used 24763K, capacity 25135K, committed 25392K, reserved 1073152K
  class space    used 2461K, capacity 2592K, committed 2608K, reserved 1048576K
Event: 24.907 GC heap after
Heap after GC invocations=8 (full 1):
 PSYoungGen      total 136704K, used 4877K [0x0000000795580000, 0x00000007a4e80000, 0x00000007c0000000)
  eden space 123904K, 0% used [0x0000000795580000,0x0000000795580000,0x000000079ce80000)
  from space 12800K, 38% used [0x000000079ce80000,0x000000079d343450,0x000000079db00000)
  to   space 12288K, 0% used [0x00000007a4280000,0x00000007a4280000,0x00000007a4e80000)
 ParOldGen       total 46080K, used 16597K [0x0000000740000000, 0x0000000742d00000, 0x0000000795580000)
  object space 46080K, 36% used [0x0000000740000000,0x0000000741035470,0x0000000742d00000)
 Metaspace       used 24763K, capacity 25135K, committed 25392K, reserved 1073152K
  class space    used 2461K, capacity 2592K, committed 2608K, reserved 1048576K
}

