# JRE version: Java(TM) SE Runtime Environment (8.0_191-b12) (build 1.8.0_191-b12)
# Java VM: Java HotSpot(TM) 64-Bit Server VM (25.191-b12 mixed mode bsd-amd64 compressed oops)
Heap:
 PSYoungGen      total 71680K, used 24415K [0x0000000795580000, 0x000000079e800000, 0x00000007c0000000)
  eden space 66560K, 28% used [0x0000000795580000,0x00000007968589c8,0x0000000799680000)
  from space 5120K, 99% used [0x0000000799680000,0x0000000799b7f460,0x0000000799b80000)
  to   space 12288K, 0% used [0x000000079dc00000,0x000000079dc00000,0x000000079e800000)
 ParOldGen       total 46592K, used 16772K [0x0000000740000000, 0x0000000742d80000, 0x0000000795580000)
  object space 46592K, 35% used [0x0000000740000000,0x0000000741061338,0x0000000742d80000)
 Metaspace       used 24741K, capacity 25165K, committed 25472K, reserved 1073152K
  class space    used 2477K, capacity 2597K, committed 2688K, reserved 1048576K
GC Heap History (10 events):
Event: 4.466 GC heap before
{Heap before GC invocations=2 (full 0):
 PSYoungGen      total 38400K, used 38379K [0x0000000795580000, 0x0000000798000000, 0x00000007c0000000)
  eden space 33280K, 100% used [0x0000000795580000,0x0000000797600000,0x0000000797600000)
  from space 5120K, 99% used [0x0000000797600000,0x0000000797afaca8,0x0000000797b00000)
  to   space 5120K, 0% used [0x0000000797b00000,0x0000000797b00000,0x0000000798000000)
 ParOldGen       total 87552K, used 70K [0x0000000740000000, 0x0000000745580000, 0x0000000795580000)
  object space 87552K, 0% used [0x0000000740000000,0x0000000740011960,0x0000000745580000)
 Metaspace       used 20807K, capacity 21173K, committed 21248K, reserved 1069056K
  class space    used 2165K, capacity 2297K, committed 2304K, reserved 1048576K
Event: 4.479 GC heap after
Heap after GC invocations=2 (full 0):
 PSYoungGen      total 38400K, used 5114K [0x0000000795580000, 0x0000000798000000, 0x00000007c0000000)
  eden space 33280K, 0% used [0x0000000795580000,0x0000000795580000,0x0000000797600000)
  from space 5120K, 99% used [0x0000000797b00000,0x0000000797ffe860,0x0000000798000000)
  to   space 5120K, 0% used [0x0000000797600000,0x0000000797600000,0x0000000797b00000)
 ParOldGen       total 87552K, used 3171K [0x0000000740000000, 0x0000000745580000, 0x0000000795580000)
  object space 87552K, 3% used [0x0000000740000000,0x0000000740318ef8,0x0000000745580000)
 Metaspace       used 20807K, capacity 21173K, committed 21248K, reserved 1069056K
  class space    used 2165K, capacity 2297K, committed 2304K, reserved 1048576K
}
Event: 4.481 GC heap before
{Heap before GC invocations=3 (full 0):
 PSYoungGen      total 38400K, used 5515K [0x0000000795580000, 0x0000000798000000, 0x00000007c0000000)
  eden space 33280K, 1% used [0x0000000795580000,0x00000007955e4438,0x0000000797600000)
  from space 5120K, 99% used [0x0000000797b00000,0x0000000797ffe860,0x0000000798000000)
  to   space 5120K, 0% used [0x0000000797600000,0x0000000797600000,0x0000000797b00000)
 ParOldGen       total 87552K, used 3171K [0x0000000740000000, 0x0000000745580000, 0x0000000795580000)
  object space 87552K, 3% used [0x0000000740000000,0x0000000740318ef8,0x0000000745580000)
 Metaspace       used 20807K, capacity 21173K, committed 21248K, reserved 1069056K
  class space    used 2165K, capacity 2297K, committed 2304K, reserved 1048576K
Event: 4.487 GC heap after
Heap after GC invocations=3 (full 0):
 PSYoungGen      total 38400K, used 5092K [0x0000000795580000, 0x000000079a080000, 0x00000007c0000000)
  eden space 33280K, 0% used [0x0000000795580000,0x0000000795580000,0x0000000797600000)
  from space 5120K, 99% used [0x0000000797600000,0x0000000797af9070,0x0000000797b00000)
  to   space 5120K, 0% used [0x0000000799b80000,0x0000000799b80000,0x000000079a080000)
 ParOldGen       total 87552K, used 3227K [0x0000000740000000, 0x0000000745580000, 0x0000000795580000)
  object space 87552K, 3% used [0x0000000740000000,0x0000000740326ef8,0x0000000745580000)
 Metaspace       used 20807K, capacity 21173K, committed 21248K, reserved 1069056K
  class space    used 2165K, capacity 2297K, committed 2304K, reserved 1048576K
}
Event: 4.487 GC heap before
{Heap before GC invocations=4 (full 1):
 PSYoungGen      total 38400K, used 5092K [0x0000000795580000, 0x000000079a080000, 0x00000007c0000000)
  eden space 33280K, 0% used [0x0000000795580000,0x0000000795580000,0x0000000797600000)
  from space 5120K, 99% used [0x0000000797600000,0x0000000797af9070,0x0000000797b00000)
  to   space 5120K, 0% used [0x0000000799b80000,0x0000000799b80000,0x000000079a080000)
 ParOldGen       total 87552K, used 3227K [0x0000000740000000, 0x0000000745580000, 0x0000000795580000)
  object space 87552K, 3% used [0x0000000740000000,0x0000000740326ef8,0x0000000745580000)
 Metaspace       used 20807K, capacity 21173K, committed 21248K, reserved 1069056K
  class space    used 2165K, capacity 2297K, committed 2304K, reserved 1048576K
Event: 4.530 GC heap after
Heap after GC invocations=4 (full 1):
 PSYoungGen      total 38400K, used 0K [0x0000000795580000, 0x000000079a080000, 0x00000007c0000000)
  eden space 33280K, 0% used [0x0000000795580000,0x0000000795580000,0x0000000797600000)
  from space 5120K, 0% used [0x0000000797600000,0x0000000797600000,0x0000000797b00000)
  to   space 5120K, 0% used [0x0000000799b80000,0x0000000799b80000,0x000000079a080000)
 ParOldGen       total 46592K, used 8098K [0x0000000740000000, 0x0000000742d80000, 0x0000000795580000)
  object space 46592K, 17% used [0x0000000740000000,0x00000007407e8a38,0x0000000742d80000)
 Metaspace       used 20806K, capacity 21171K, committed 21248K, reserved 1069056K
  class space    used 2165K, capacity 2296K, committed 2304K, reserved 1048576K
}
Event: 5.588 GC heap before
{Heap before GC invocations=5 (full 1):
 PSYoungGen      total 38400K, used 33158K [0x0000000795580000, 0x000000079a080000, 0x00000007c0000000)
  eden space 33280K, 99% used [0x0000000795580000,0x00000007975e1a58,0x0000000797600000)
  from space 5120K, 0% used [0x0000000797600000,0x0000000797600000,0x0000000797b00000)
  to   space 5120K, 0% used [0x0000000799b80000,0x0000000799b80000,0x000000079a080000)
 ParOldGen       total 46592K, used 8098K [0x0000000740000000, 0x0000000742d80000, 0x0000000795580000)
  object space 46592K, 17% used [0x0000000740000000,0x00000007407e8a38,0x0000000742d80000)
 Metaspace       used 23973K, capacity 24387K, committed 24704K, reserved 1071104K
  class space    used 2463K, capacity 2594K, committed 2688K, reserved 1048576K
Event: 5.596 GC heap after
Heap after GC invocations=5 (full 1):
 PSYoungGen      total 70144K, used 5119K [0x0000000795580000, 0x000000079a080000, 0x00000007c0000000)
  eden space 65024K, 0% used [0x0000000795580000,0x0000000795580000,0x0000000799500000)
  from space 5120K, 99% used [0x0000000799b80000,0x000000079a07fec8,0x000000079a080000)
  to   space 5120K, 0% used [0x0000000799680000,0x0000000799680000,0x0000000799b80000)
 ParOldGen       total 46592K, used 14808K [0x0000000740000000, 0x0000000742d80000, 0x0000000795580000)
  object space 46592K, 31% used [0x0000000740000000,0x0000000740e76348,0x0000000742d80000)
 Metaspace       used 23973K, capacity 24387K, committed 24704K, reserved 1071104K
  class space    used 2463K, capacity 2594K, committed 2688K, reserved 1048576K
}
Event: 10.000 GC heap before
{Heap before GC invocations=6 (full 1):
 PSYoungGen      total 70144K, used 70143K [0x0000000795580000, 0x000000079a080000, 0x00000007c0000000)
  eden space 65024K, 100% used [0x0000000795580000,0x0000000799500000,0x0000000799500000)
  from space 5120K, 99% used [0x0000000799b80000,0x000000079a07fec8,0x000000079a080000)
  to   space 5120K, 0% used [0x0000000799680000,0x0000000799680000,0x0000000799b80000)
 ParOldGen       total 46592K, used 14808K [0x0000000740000000, 0x0000000742d80000, 0x0000000795580000)
  object space 46592K, 31% used [0x0000000740000000,0x0000000740e76348,0x0000000742d80000)
 Metaspace       used 24668K, capacity 25097K, committed 25472K, reserved 1073152K
  class space    used 2464K, capacity 2595K, committed 2688K, reserved 1048576K
Event: 10.006 GC heap after
Heap after GC invocations=6 (full 1):
 PSYoungGen      total 71680K, used 5117K [0x0000000795580000, 0x000000079e800000, 0x00000007c0000000)
  eden space 66560K, 0% used [0x0000000795580000,0x0000000795580000,0x0000000799680000)
  from space 5120K, 99% used [0x0000000799680000,0x0000000799b7f460,0x0000000799b80000)
  to   space 12288K, 0% used [0x000000079dc00000,0x000000079dc00000,0x000000079e800000)
 ParOldGen       total 46592K, used 16772K [0x0000000740000000, 0x0000000742d80000, 0x0000000795580000)
  object space 46592K, 35% used [0x0000000740000000,0x0000000741061338,0x0000000742d80000)
 Metaspace       used 24668K, capacity 25097K, committed 25472K, reserved 1073152K
  class space    used 2464K, capacity 2595K, committed 2688K, reserved 1048576K
}

