# JRE version: Java(TM) SE Runtime Environment (8.0_191-b12) (build 1.8.0_191-b12)
# Java VM: Java HotSpot(TM) 64-Bit Server VM (25.191-b12 mixed mode bsd-amd64 compressed oops)
Heap:
 PSYoungGen      total 135680K, used 22804K [0x0000000795580000, 0x000000079e800000, 0x00000007c0000000)
  eden space 123392K, 14% used [0x0000000795580000,0x00000007966dee20,0x000000079ce00000)
  from space 12288K, 40% used [0x000000079da00000,0x000000079dee6468,0x000000079e600000)
  to   space 12288K, 0% used [0x000000079ce00000,0x000000079ce00000,0x000000079da00000)
 ParOldGen       total 46592K, used 15769K [0x0000000740000000, 0x0000000742d80000, 0x0000000795580000)
  object space 46592K, 33% used [0x0000000740000000,0x0000000740f666a8,0x0000000742d80000)
 Metaspace       used 24992K, capacity 25449K, committed 25728K, reserved 1073152K
  class space    used 2505K, capacity 2627K, committed 2688K, reserved 1048576K
GC Heap History (10 events):
Event: 4.016 GC heap before
{Heap before GC invocations=3 (full 0):
 PSYoungGen      total 38400K, used 5864K [0x0000000795580000, 0x0000000798000000, 0x00000007c0000000)
  eden space 33280K, 2% used [0x0000000795580000,0x0000000795641b10,0x0000000797600000)
  from space 5120K, 99% used [0x0000000797b00000,0x0000000797ff8760,0x0000000798000000)
  to   space 5120K, 0% used [0x0000000797600000,0x0000000797600000,0x0000000797b00000)
 ParOldGen       total 87552K, used 3181K [0x0000000740000000, 0x0000000745580000, 0x0000000795580000)
  object space 87552K, 3% used [0x0000000740000000,0x000000074031b698,0x0000000745580000)
 Metaspace       used 20759K, capacity 21173K, committed 21248K, reserved 1069056K
  class space    used 2166K, capacity 2297K, committed 2304K, reserved 1048576K
Event: 4.023 GC heap after
Heap after GC invocations=3 (full 0):
 PSYoungGen      total 38400K, used 5089K [0x0000000795580000, 0x000000079a080000, 0x00000007c0000000)
  eden space 33280K, 0% used [0x0000000795580000,0x0000000795580000,0x0000000797600000)
  from space 5120K, 99% used [0x0000000797600000,0x0000000797af8760,0x0000000797b00000)
  to   space 5120K, 0% used [0x0000000799b80000,0x0000000799b80000,0x000000079a080000)
 ParOldGen       total 87552K, used 3359K [0x0000000740000000, 0x0000000745580000, 0x0000000795580000)
  object space 87552K, 3% used [0x0000000740000000,0x0000000740347eb8,0x0000000745580000)
 Metaspace       used 20759K, capacity 21173K, committed 21248K, reserved 1069056K
  class space    used 2166K, capacity 2297K, committed 2304K, reserved 1048576K
}
Event: 4.023 GC heap before
{Heap before GC invocations=4 (full 1):
 PSYoungGen      total 38400K, used 5089K [0x0000000795580000, 0x000000079a080000, 0x00000007c0000000)
  eden space 33280K, 0% used [0x0000000795580000,0x0000000795580000,0x0000000797600000)
  from space 5120K, 99% used [0x0000000797600000,0x0000000797af8760,0x0000000797b00000)
  to   space 5120K, 0% used [0x0000000799b80000,0x0000000799b80000,0x000000079a080000)
 ParOldGen       total 87552K, used 3359K [0x0000000740000000, 0x0000000745580000, 0x0000000795580000)
  object space 87552K, 3% used [0x0000000740000000,0x0000000740347eb8,0x0000000745580000)
 Metaspace       used 20759K, capacity 21173K, committed 21248K, reserved 1069056K
  class space    used 2166K, capacity 2297K, committed 2304K, reserved 1048576K
Event: 4.058 GC heap after
Heap after GC invocations=4 (full 1):
 PSYoungGen      total 38400K, used 0K [0x0000000795580000, 0x000000079a080000, 0x00000007c0000000)
  eden space 33280K, 0% used [0x0000000795580000,0x0000000795580000,0x0000000797600000)
  from space 5120K, 0% used [0x0000000797600000,0x0000000797600000,0x0000000797b00000)
  to   space 5120K, 0% used [0x0000000799b80000,0x0000000799b80000,0x000000079a080000)
 ParOldGen       total 46592K, used 7219K [0x0000000740000000, 0x0000000742d80000, 0x0000000795580000)
  object space 46592K, 15% used [0x0000000740000000,0x000000074070cde0,0x0000000742d80000)
 Metaspace       used 20758K, capacity 21171K, committed 21248K, reserved 1069056K
  class space    used 2165K, capacity 2296K, committed 2304K, reserved 1048576K
}
Event: 4.799 GC heap before
{Heap before GC invocations=5 (full 1):
 PSYoungGen      total 38400K, used 33280K [0x0000000795580000, 0x000000079a080000, 0x00000007c0000000)
  eden space 33280K, 100% used [0x0000000795580000,0x0000000797600000,0x0000000797600000)
  from space 5120K, 0% used [0x0000000797600000,0x0000000797600000,0x0000000797b00000)
  to   space 5120K, 0% used [0x0000000799b80000,0x0000000799b80000,0x000000079a080000)
 ParOldGen       total 46592K, used 7219K [0x0000000740000000, 0x0000000742d80000, 0x0000000795580000)
  object space 46592K, 15% used [0x0000000740000000,0x000000074070cde0,0x0000000742d80000)
 Metaspace       used 23947K, capacity 24377K, committed 24704K, reserved 1071104K
  class space    used 2459K, capacity 2591K, committed 2688K, reserved 1048576K
Event: 4.808 GC heap after
Heap after GC invocations=5 (full 1):
 PSYoungGen      total 69632K, used 5097K [0x0000000795580000, 0x000000079a080000, 0x00000007c0000000)
  eden space 64512K, 0% used [0x0000000795580000,0x0000000795580000,0x0000000799480000)
  from space 5120K, 99% used [0x0000000799b80000,0x000000079a07a498,0x000000079a080000)
  to   space 5120K, 0% used [0x0000000799680000,0x0000000799680000,0x0000000799b80000)
 ParOldGen       total 46592K, used 14193K [0x0000000740000000, 0x0000000742d80000, 0x0000000795580000)
  object space 46592K, 30% used [0x0000000740000000,0x0000000740ddc648,0x0000000742d80000)
 Metaspace       used 23947K, capacity 24377K, committed 24704K, reserved 1071104K
  class space    used 2459K, capacity 2591K, committed 2688K, reserved 1048576K
}
Event: 9.252 GC heap before
{Heap before GC invocations=6 (full 1):
 PSYoungGen      total 69632K, used 69609K [0x0000000795580000, 0x000000079a080000, 0x00000007c0000000)
  eden space 64512K, 100% used [0x0000000795580000,0x0000000799480000,0x0000000799480000)
  from space 5120K, 99% used [0x0000000799b80000,0x000000079a07a498,0x000000079a080000)
  to   space 5120K, 0% used [0x0000000799680000,0x0000000799680000,0x0000000799b80000)
 ParOldGen       total 46592K, used 14193K [0x0000000740000000, 0x0000000742d80000, 0x0000000795580000)
  object space 46592K, 30% used [0x0000000740000000,0x0000000740ddc648,0x0000000742d80000)
 Metaspace       used 24524K, capacity 24959K, committed 25216K, reserved 1071104K
  class space    used 2459K, capacity 2592K, committed 2688K, reserved 1048576K
Event: 9.257 GC heap after
Heap after GC invocations=6 (full 1):
 PSYoungGen      total 71680K, used 5111K [0x0000000795580000, 0x000000079e600000, 0x00000007c0000000)
  eden space 66560K, 0% used [0x0000000795580000,0x0000000795580000,0x0000000799680000)
  from space 5120K, 99% used [0x0000000799680000,0x0000000799b7ddc0,0x0000000799b80000)
  to   space 12288K, 0% used [0x000000079da00000,0x000000079da00000,0x000000079e600000)
 ParOldGen       total 46592K, used 15769K [0x0000000740000000, 0x0000000742d80000, 0x0000000795580000)
  object space 46592K, 33% used [0x0000000740000000,0x0000000740f666a8,0x0000000742d80000)
 Metaspace       used 24524K, capacity 24959K, committed 25216K, reserved 1071104K
  class space    used 2459K, capacity 2592K, committed 2688K, reserved 1048576K
}
Event: 15.017 GC heap before
{Heap before GC invocations=7 (full 1):
 PSYoungGen      total 71680K, used 71671K [0x0000000795580000, 0x000000079e600000, 0x00000007c0000000)
  eden space 66560K, 100% used [0x0000000795580000,0x0000000799680000,0x0000000799680000)
  from space 5120K, 99% used [0x0000000799680000,0x0000000799b7ddc0,0x0000000799b80000)
  to   space 12288K, 0% used [0x000000079da00000,0x000000079da00000,0x000000079e600000)
 ParOldGen       total 46592K, used 15769K [0x0000000740000000, 0x0000000742d80000, 0x0000000795580000)
  object space 46592K, 33% used [0x0000000740000000,0x0000000740f666a8,0x0000000742d80000)
 Metaspace       used 24900K, capacity 25317K, committed 25728K, reserved 1073152K
  class space    used 2492K, capacity 2625K, committed 2688K, reserved 1048576K
Event: 15.025 GC heap after
Heap after GC invocations=7 (full 1):
 PSYoungGen      total 135680K, used 5017K [0x0000000795580000, 0x000000079e800000, 0x00000007c0000000)
  eden space 123392K, 0% used [0x0000000795580000,0x0000000795580000,0x000000079ce00000)
  from space 12288K, 40% used [0x000000079da00000,0x000000079dee6468,0x000000079e600000)
  to   space 12288K, 0% used [0x000000079ce00000,0x000000079ce00000,0x000000079da00000)
 ParOldGen       total 46592K, used 15769K [0x0000000740000000, 0x0000000742d80000, 0x0000000795580000)
  object space 46592K, 33% used [0x0000000740000000,0x0000000740f666a8,0x0000000742d80000)
 Metaspace       used 24900K, capacity 25317K, committed 25728K, reserved 1073152K
  class space    used 2492K, capacity 2625K, committed 2688K, reserved 1048576K
}

