# JRE version: Java(TM) SE Runtime Environment (8.0_191-b12) (build 1.8.0_191-b12)
# Java VM: Java HotSpot(TM) 64-Bit Server VM (25.191-b12 mixed mode bsd-amd64 compressed oops)
Heap:
 PSYoungGen      total 92160K, used 88549K [0x0000000795580000, 0x000000079e500000, 0x00000007c0000000)
  eden space 77824K, 95% used [0x0000000795580000,0x0000000799e092b8,0x000000079a180000)
  from space 14336K, 99% used [0x000000079a180000,0x000000079af70400,0x000000079af80000)
  to   space 16384K, 0% used [0x000000079d500000,0x000000079d500000,0x000000079e500000)
 ParOldGen       total 58368K, used 28454K [0x0000000740000000, 0x0000000743900000, 0x0000000795580000)
  object space 58368K, 48% used [0x0000000740000000,0x0000000741bc98f8,0x0000000743900000)
 Metaspace       used 25196K, capacity 25633K, committed 25984K, reserved 1073152K
  class space    used 2502K, capacity 2629K, committed 2688K, reserved 1048576K
GC Heap History (10 events):
Event: 7.127 GC heap before
{Heap before GC invocations=4 (full 1):
 PSYoungGen      total 38400K, used 33157K [0x0000000795580000, 0x000000079a080000, 0x00000007c0000000)
  eden space 33280K, 99% used [0x0000000795580000,0x00000007975e16e8,0x0000000797600000)
  from space 5120K, 0% used [0x0000000797b00000,0x0000000797b00000,0x0000000798000000)
  to   space 5120K, 0% used [0x0000000797600000,0x0000000797600000,0x0000000797b00000)
 ParOldGen       total 58368K, used 8062K [0x0000000740000000, 0x0000000743900000, 0x0000000795580000)
  object space 58368K, 13% used [0x0000000740000000,0x00000007407dfbd8,0x0000000743900000)
 Metaspace       used 24145K, capacity 24567K, committed 24960K, reserved 1071104K
  class space    used 2484K, capacity 2594K, committed 2688K, reserved 1048576K
Event: 7.135 GC heap after
Heap after GC invocations=4 (full 1):
 PSYoungGen      total 38400K, used 5088K [0x0000000795580000, 0x0000000799400000, 0x00000007c0000000)
  eden space 33280K, 0% used [0x0000000795580000,0x0000000795580000,0x0000000797600000)
  from space 5120K, 99% used [0x0000000797600000,0x0000000797af81b0,0x0000000797b00000)
  to   space 5120K, 0% used [0x0000000798f00000,0x0000000798f00000,0x0000000799400000)
 ParOldGen       total 58368K, used 15414K [0x0000000740000000, 0x0000000743900000, 0x0000000795580000)
  object space 58368K, 26% used [0x0000000740000000,0x0000000740f0da80,0x0000000743900000)
 Metaspace       used 24145K, capacity 24567K, committed 24960K, reserved 1071104K
  class space    used 2484K, capacity 2594K, committed 2688K, reserved 1048576K
}
Event: 9.244 GC heap before
{Heap before GC invocations=5 (full 1):
 PSYoungGen      total 38400K, used 38368K [0x0000000795580000, 0x0000000799400000, 0x00000007c0000000)
  eden space 33280K, 100% used [0x0000000795580000,0x0000000797600000,0x0000000797600000)
  from space 5120K, 99% used [0x0000000797600000,0x0000000797af81b0,0x0000000797b00000)
  to   space 5120K, 0% used [0x0000000798f00000,0x0000000798f00000,0x0000000799400000)
 ParOldGen       total 58368K, used 15414K [0x0000000740000000, 0x0000000743900000, 0x0000000795580000)
  object space 58368K, 26% used [0x0000000740000000,0x0000000740f0da80,0x0000000743900000)
 Metaspace       used 24580K, capacity 25021K, committed 25216K, reserved 1071104K
  class space    used 2488K, capacity 2595K, committed 2688K, reserved 1048576K
Event: 9.248 GC heap after
Heap after GC invocations=5 (full 1):
 PSYoungGen      total 57344K, used 5088K [0x0000000795580000, 0x0000000799400000, 0x00000007c0000000)
  eden space 52224K, 0% used [0x0000000795580000,0x0000000795580000,0x0000000798880000)
  from space 5120K, 99% used [0x0000000798f00000,0x00000007993f81b0,0x0000000799400000)
  to   space 5120K, 0% used [0x0000000798a00000,0x0000000798a00000,0x0000000798f00000)
 ParOldGen       total 58368K, used 16748K [0x0000000740000000, 0x0000000743900000, 0x0000000795580000)
  object space 58368K, 28% used [0x0000000740000000,0x000000074105b2e0,0x0000000743900000)
 Metaspace       used 24580K, capacity 25021K, committed 25216K, reserved 1071104K
  class space    used 2488K, capacity 2595K, committed 2688K, reserved 1048576K
}
Event: 13.013 GC heap before
{Heap before GC invocations=6 (full 1):
 PSYoungGen      total 57344K, used 57086K [0x0000000795580000, 0x0000000799400000, 0x00000007c0000000)
  eden space 52224K, 99% used [0x0000000795580000,0x0000000798847878,0x0000000798880000)
  from space 5120K, 99% used [0x0000000798f00000,0x00000007993f81b0,0x0000000799400000)
  to   space 5120K, 0% used [0x0000000798a00000,0x0000000798a00000,0x0000000798f00000)
 ParOldGen       total 58368K, used 16748K [0x0000000740000000, 0x0000000743900000, 0x0000000795580000)
  object space 58368K, 28% used [0x0000000740000000,0x000000074105b2e0,0x0000000743900000)
 Metaspace       used 24852K, capacity 25213K, committed 25472K, reserved 1073152K
  class space    used 2489K, capacity 2595K, committed 2688K, reserved 1048576K
Event: 13.019 GC heap after
Heap after GC invocations=6 (full 1):
 PSYoungGen      total 58880K, used 5088K [0x0000000795580000, 0x000000079bc80000, 0x00000007c0000000)
  eden space 53760K, 0% used [0x0000000795580000,0x0000000795580000,0x0000000798a00000)
  from space 5120K, 99% used [0x0000000798a00000,0x0000000798ef81d0,0x0000000798f00000)
  to   space 13312K, 0% used [0x000000079af80000,0x000000079af80000,0x000000079bc80000)
 ParOldGen       total 58368K, used 20981K [0x0000000740000000, 0x0000000743900000, 0x0000000795580000)
  object space 58368K, 35% used [0x0000000740000000,0x000000074147d460,0x0000000743900000)
 Metaspace       used 24852K, capacity 25213K, committed 25472K, reserved 1073152K
  class space    used 2489K, capacity 2595K, committed 2688K, reserved 1048576K
}
Event: 14.898 GC heap before
{Heap before GC invocations=7 (full 1):
 PSYoungGen      total 58880K, used 58784K [0x0000000795580000, 0x000000079bc80000, 0x00000007c0000000)
  eden space 53760K, 99% used [0x0000000795580000,0x00000007989effd8,0x0000000798a00000)
  from space 5120K, 99% used [0x0000000798a00000,0x0000000798ef81d0,0x0000000798f00000)
  to   space 13312K, 0% used [0x000000079af80000,0x000000079af80000,0x000000079bc80000)
 ParOldGen       total 58368K, used 21237K [0x0000000740000000, 0x0000000743900000, 0x0000000795580000)
  object space 58368K, 36% used [0x0000000740000000,0x00000007414bd470,0x0000000743900000)
 Metaspace       used 24949K, capacity 25341K, committed 25728K, reserved 1073152K
  class space    used 2489K, capacity 2595K, committed 2688K, reserved 1048576K
Event: 14.906 GC heap after
Heap after GC invocations=7 (full 1):
 PSYoungGen      total 91136K, used 11648K [0x0000000795580000, 0x000000079bf00000, 0x00000007c0000000)
  eden space 77824K, 0% used [0x0000000795580000,0x0000000795580000,0x000000079a180000)
  from space 13312K, 87% used [0x000000079af80000,0x000000079bae0360,0x000000079bc80000)
  to   space 14336K, 0% used [0x000000079a180000,0x000000079a180000,0x000000079af80000)
 ParOldGen       total 58368K, used 21245K [0x0000000740000000, 0x0000000743900000, 0x0000000795580000)
  object space 58368K, 36% used [0x0000000740000000,0x00000007414bf470,0x0000000743900000)
 Metaspace       used 24949K, capacity 25341K, committed 25728K, reserved 1073152K
  class space    used 2489K, capacity 2595K, committed 2688K, reserved 1048576K
}
Event: 17.133 GC heap before
{Heap before GC invocations=8 (full 1):
 PSYoungGen      total 91136K, used 89472K [0x0000000795580000, 0x000000079bf00000, 0x00000007c0000000)
  eden space 77824K, 100% used [0x0000000795580000,0x000000079a180000,0x000000079a180000)
  from space 13312K, 87% used [0x000000079af80000,0x000000079bae0360,0x000000079bc80000)
  to   space 14336K, 0% used [0x000000079a180000,0x000000079a180000,0x000000079af80000)
 ParOldGen       total 58368K, used 21533K [0x0000000740000000, 0x0000000743900000, 0x0000000795580000)
  object space 58368K, 36% used [0x0000000740000000,0x0000000741507748,0x0000000743900000)
 Metaspace       used 25085K, capacity 25469K, committed 25728K, reserved 1073152K
  class space    used 2489K, capacity 2595K, committed 2688K, reserved 1048576K
Event: 17.144 GC heap after
Heap after GC invocations=8 (full 1):
 PSYoungGen      total 92160K, used 14273K [0x0000000795580000, 0x000000079e500000, 0x00000007c0000000)
  eden space 77824K, 0% used [0x0000000795580000,0x0000000795580000,0x000000079a180000)
  from space 14336K, 99% used [0x000000079a180000,0x000000079af70400,0x000000079af80000)
  to   space 16384K, 0% used [0x000000079d500000,0x000000079d500000,0x000000079e500000)
 ParOldGen       total 58368K, used 28454K [0x0000000740000000, 0x0000000743900000, 0x0000000795580000)
  object space 58368K, 48% used [0x0000000740000000,0x0000000741bc98f8,0x0000000743900000)
 Metaspace       used 25085K, capacity 25469K, committed 25728K, reserved 1073152K
  class space    used 2489K, capacity 2595K, committed 2688K, reserved 1048576K
}

