# JRE version: Java(TM) SE Runtime Environment (8.0_191-b12) (build 1.8.0_191-b12)
# Java VM: Java HotSpot(TM) 64-Bit Server VM (25.191-b12 mixed mode bsd-amd64 compressed oops)
Heap:
 PSYoungGen      total 79360K, used 68458K [0x0000000795580000, 0x000000079b480000, 0x00000007c0000000)
  eden space 74240K, 85% used [0x0000000795580000,0x000000079937f338,0x0000000799e00000)
  from space 5120K, 97% used [0x000000079a400000,0x000000079a8db608,0x000000079a900000)
  to   space 10752K, 0% used [0x000000079aa00000,0x000000079aa00000,0x000000079b480000)
 ParOldGen       total 67072K, used 16795K [0x0000000740000000, 0x0000000744180000, 0x0000000795580000)
  object space 67072K, 25% used [0x0000000740000000,0x0000000741066cf0,0x0000000744180000)
 Metaspace       used 25036K, capacity 25449K, committed 25728K, reserved 1073152K
  class space    used 2505K, capacity 2627K, committed 2688K, reserved 1048576K
GC Heap History (10 events):
Event: 26.525 GC heap before
{Heap before GC invocations=10 (full 1):
 PSYoungGen      total 81408K, used 75627K [0x0000000795580000, 0x000000079b280000, 0x00000007c0000000)
  eden space 70656K, 100% used [0x0000000795580000,0x0000000799a80000,0x0000000799a80000)
  from space 10752K, 46% used [0x000000079a800000,0x000000079acdaf20,0x000000079b280000)
  to   space 12288K, 0% used [0x0000000799a80000,0x0000000799a80000,0x000000079a680000)
 ParOldGen       total 67072K, used 16795K [0x0000000740000000, 0x0000000744180000, 0x0000000795580000)
  object space 67072K, 25% used [0x0000000740000000,0x0000000741066cf0,0x0000000744180000)
 Metaspace       used 24967K, capacity 25381K, committed 25728K, reserved 1073152K
  class space    used 2493K, capacity 2625K, committed 2688K, reserved 1048576K
Event: 26.528 GC heap after
Heap after GC invocations=10 (full 1):
 PSYoungGen      total 82944K, used 4970K [0x0000000795580000, 0x000000079b980000, 0x00000007c0000000)
  eden space 70656K, 0% used [0x0000000795580000,0x0000000795580000,0x0000000799a80000)
  from space 12288K, 40% used [0x0000000799a80000,0x0000000799f5aac0,0x000000079a680000)
  to   space 11776K, 0% used [0x000000079ae00000,0x000000079ae00000,0x000000079b980000)
 ParOldGen       total 67072K, used 16795K [0x0000000740000000, 0x0000000744180000, 0x0000000795580000)
  object space 67072K, 25% used [0x0000000740000000,0x0000000741066cf0,0x0000000744180000)
 Metaspace       used 24967K, capacity 25381K, committed 25728K, reserved 1073152K
  class space    used 2493K, capacity 2625K, committed 2688K, reserved 1048576K
}
Event: 31.560 GC heap before
{Heap before GC invocations=11 (full 1):
 PSYoungGen      total 82944K, used 75626K [0x0000000795580000, 0x000000079b980000, 0x00000007c0000000)
  eden space 70656K, 100% used [0x0000000795580000,0x0000000799a80000,0x0000000799a80000)
  from space 12288K, 40% used [0x0000000799a80000,0x0000000799f5aac0,0x000000079a680000)
  to   space 11776K, 0% used [0x000000079ae00000,0x000000079ae00000,0x000000079b980000)
 ParOldGen       total 67072K, used 16795K [0x0000000740000000, 0x0000000744180000, 0x0000000795580000)
  object space 67072K, 25% used [0x0000000740000000,0x0000000741066cf0,0x0000000744180000)
 Metaspace       used 24968K, capacity 25381K, committed 25728K, reserved 1073152K
  class space    used 2493K, capacity 2625K, committed 2688K, reserved 1048576K
Event: 31.565 GC heap after
Heap after GC invocations=11 (full 1):
 PSYoungGen      total 89600K, used 4972K [0x0000000795580000, 0x000000079b900000, 0x00000007c0000000)
  eden space 78336K, 0% used [0x0000000795580000,0x0000000795580000,0x000000079a200000)
  from space 11264K, 44% used [0x000000079ae00000,0x000000079b2db3c8,0x000000079b900000)
  to   space 11776K, 0% used [0x000000079a200000,0x000000079a200000,0x000000079ad80000)
 ParOldGen       total 67072K, used 16795K [0x0000000740000000, 0x0000000744180000, 0x0000000795580000)
  object space 67072K, 25% used [0x0000000740000000,0x0000000741066cf0,0x0000000744180000)
 Metaspace       used 24968K, capacity 25381K, committed 25728K, reserved 1073152K
  class space    used 2493K, capacity 2625K, committed 2688K, reserved 1048576K
}
Event: 37.160 GC heap before
{Heap before GC invocations=12 (full 1):
 PSYoungGen      total 89600K, used 83308K [0x0000000795580000, 0x000000079b900000, 0x00000007c0000000)
  eden space 78336K, 100% used [0x0000000795580000,0x000000079a200000,0x000000079a200000)
  from space 11264K, 44% used [0x000000079ae00000,0x000000079b2db3c8,0x000000079b900000)
  to   space 11776K, 0% used [0x000000079a200000,0x000000079a200000,0x000000079ad80000)
 ParOldGen       total 67072K, used 16795K [0x0000000740000000, 0x0000000744180000, 0x0000000795580000)
  object space 67072K, 25% used [0x0000000740000000,0x0000000741066cf0,0x0000000744180000)
 Metaspace       used 24968K, capacity 25381K, committed 25728K, reserved 1073152K
  class space    used 2493K, capacity 2625K, committed 2688K, reserved 1048576K
Event: 37.165 GC heap after
Heap after GC invocations=12 (full 1):
 PSYoungGen      total 90112K, used 4955K [0x0000000795580000, 0x000000079bf00000, 0x00000007c0000000)
  eden space 78336K, 0% used [0x0000000795580000,0x0000000795580000,0x000000079a200000)
  from space 11776K, 42% used [0x000000079a200000,0x000000079a6d6cf0,0x000000079ad80000)
  to   space 11264K, 0% used [0x000000079b400000,0x000000079b400000,0x000000079bf00000)
 ParOldGen       total 67072K, used 16795K [0x0000000740000000, 0x0000000744180000, 0x0000000795580000)
  object space 67072K, 25% used [0x0000000740000000,0x0000000741066cf0,0x0000000744180000)
 Metaspace       used 24968K, capacity 25381K, committed 25728K, reserved 1073152K
  class space    used 2493K, capacity 2625K, committed 2688K, reserved 1048576K
}
Event: 42.755 GC heap before
{Heap before GC invocations=13 (full 1):
 PSYoungGen      total 90112K, used 83291K [0x0000000795580000, 0x000000079bf00000, 0x00000007c0000000)
  eden space 78336K, 100% used [0x0000000795580000,0x000000079a200000,0x000000079a200000)
  from space 11776K, 42% used [0x000000079a200000,0x000000079a6d6cf0,0x000000079ad80000)
  to   space 11264K, 0% used [0x000000079b400000,0x000000079b400000,0x000000079bf00000)
 ParOldGen       total 67072K, used 16795K [0x0000000740000000, 0x0000000744180000, 0x0000000795580000)
  object space 67072K, 25% used [0x0000000740000000,0x0000000741066cf0,0x0000000744180000)
 Metaspace       used 24968K, capacity 25381K, committed 25728K, reserved 1073152K
  class space    used 2493K, capacity 2625K, committed 2688K, reserved 1048576K
Event: 42.760 GC heap after
Heap after GC invocations=13 (full 1):
 PSYoungGen      total 81408K, used 4988K [0x0000000795580000, 0x000000079b900000, 0x00000007c0000000)
  eden space 76288K, 0% used [0x0000000795580000,0x0000000795580000,0x000000079a000000)
  from space 5120K, 97% used [0x000000079b400000,0x000000079b8df198,0x000000079b900000)
  to   space 10752K, 0% used [0x000000079a400000,0x000000079a400000,0x000000079ae80000)
 ParOldGen       total 67072K, used 16795K [0x0000000740000000, 0x0000000744180000, 0x0000000795580000)
  object space 67072K, 25% used [0x0000000740000000,0x0000000741066cf0,0x0000000744180000)
 Metaspace       used 24968K, capacity 25381K, committed 25728K, reserved 1073152K
  class space    used 2493K, capacity 2625K, committed 2688K, reserved 1048576K
}
Event: 48.172 GC heap before
{Heap before GC invocations=14 (full 1):
 PSYoungGen      total 81408K, used 81276K [0x0000000795580000, 0x000000079b900000, 0x00000007c0000000)
  eden space 76288K, 100% used [0x0000000795580000,0x000000079a000000,0x000000079a000000)
  from space 5120K, 97% used [0x000000079b400000,0x000000079b8df198,0x000000079b900000)
  to   space 10752K, 0% used [0x000000079a400000,0x000000079a400000,0x000000079ae80000)
 ParOldGen       total 67072K, used 16795K [0x0000000740000000, 0x0000000744180000, 0x0000000795580000)
  object space 67072K, 25% used [0x0000000740000000,0x0000000741066cf0,0x0000000744180000)
 Metaspace       used 24971K, capacity 25381K, committed 25728K, reserved 1073152K
  class space    used 2493K, capacity 2625K, committed 2688K, reserved 1048576K
Event: 48.176 GC heap after
Heap after GC invocations=14 (full 1):
 PSYoungGen      total 79360K, used 4973K [0x0000000795580000, 0x000000079b480000, 0x00000007c0000000)
  eden space 74240K, 0% used [0x0000000795580000,0x0000000795580000,0x0000000799e00000)
  from space 5120K, 97% used [0x000000079a400000,0x000000079a8db608,0x000000079a900000)
  to   space 10752K, 0% used [0x000000079aa00000,0x000000079aa00000,0x000000079b480000)
 ParOldGen       total 67072K, used 16795K [0x0000000740000000, 0x0000000744180000, 0x0000000795580000)
  object space 67072K, 25% used [0x0000000740000000,0x0000000741066cf0,0x0000000744180000)
 Metaspace       used 24971K, capacity 25381K, committed 25728K, reserved 1073152K
  class space    used 2493K, capacity 2625K, committed 2688K, reserved 1048576K
}

