# JRE version: Java(TM) SE Runtime Environment (8.0_191-b12) (build 1.8.0_191-b12)
# Java VM: Java HotSpot(TM) 64-Bit Server VM (25.191-b12 mixed mode bsd-amd64 compressed oops)
Heap:
 PSYoungGen      total 70144K, used 51108K [0x0000000795580000, 0x000000079a080000, 0x00000007c0000000)
  eden space 65024K, 70% used [0x0000000795580000,0x000000079826d828,0x0000000799500000)
  from space 5120K, 99% used [0x0000000799b80000,0x000000079a07b8c0,0x000000079a080000)
  to   space 5120K, 0% used [0x0000000799680000,0x0000000799680000,0x0000000799b80000)
 ParOldGen       total 45568K, used 12357K [0x0000000740000000, 0x0000000742c80000, 0x0000000795580000)
  object space 45568K, 27% used [0x0000000740000000,0x0000000740c117f0,0x0000000742c80000)
 Metaspace       used 24615K, capacity 25017K, committed 25136K, reserved 1071104K
  class space    used 2475K, capacity 2595K, committed 2608K, reserved 1048576K
GC Heap History (10 events):
Event: 2.434 GC heap before
{Heap before GC invocations=1 (full 0):
 PSYoungGen      total 38400K, used 33280K [0x0000000795580000, 0x0000000798000000, 0x00000007c0000000)
  eden space 33280K, 100% used [0x0000000795580000,0x0000000797600000,0x0000000797600000)
  from space 5120K, 0% used [0x0000000797b00000,0x0000000797b00000,0x0000000798000000)
  to   space 5120K, 0% used [0x0000000797600000,0x0000000797600000,0x0000000797b00000)
 ParOldGen       total 87552K, used 0K [0x0000000740000000, 0x0000000745580000, 0x0000000795580000)
  object space 87552K, 0% used [0x0000000740000000,0x0000000740000000,0x0000000745580000)
 Metaspace       used 16318K, capacity 16671K, committed 17024K, reserved 1064960K
  class space    used 1685K, capacity 1794K, committed 1920K, reserved 1048576K
Event: 2.441 GC heap after
Heap after GC invocations=1 (full 0):
 PSYoungGen      total 38400K, used 5119K [0x0000000795580000, 0x0000000798000000, 0x00000007c0000000)
  eden space 33280K, 0% used [0x0000000795580000,0x0000000795580000,0x0000000797600000)
  from space 5120K, 99% used [0x0000000797600000,0x0000000797affd50,0x0000000797b00000)
  to   space 5120K, 0% used [0x0000000797b00000,0x0000000797b00000,0x0000000798000000)
 ParOldGen       total 87552K, used 16K [0x0000000740000000, 0x0000000745580000, 0x0000000795580000)
  object space 87552K, 0% used [0x0000000740000000,0x0000000740004000,0x0000000745580000)
 Metaspace       used 16318K, capacity 16671K, committed 17024K, reserved 1064960K
  class space    used 1685K, capacity 1794K, committed 1920K, reserved 1048576K
}
Event: 3.342 GC heap before
{Heap before GC invocations=2 (full 0):
 PSYoungGen      total 38400K, used 38399K [0x0000000795580000, 0x0000000798000000, 0x00000007c0000000)
  eden space 33280K, 100% used [0x0000000795580000,0x0000000797600000,0x0000000797600000)
  from space 5120K, 99% used [0x0000000797600000,0x0000000797affd50,0x0000000797b00000)
  to   space 5120K, 0% used [0x0000000797b00000,0x0000000797b00000,0x0000000798000000)
 ParOldGen       total 87552K, used 16K [0x0000000740000000, 0x0000000745580000, 0x0000000795580000)
  object space 87552K, 0% used [0x0000000740000000,0x0000000740004000,0x0000000745580000)
 Metaspace       used 20778K, capacity 21215K, committed 21248K, reserved 1069056K
  class space    used 2165K, capacity 2296K, committed 2304K, reserved 1048576K
Event: 3.359 GC heap after
Heap after GC invocations=2 (full 0):
 PSYoungGen      total 38400K, used 5104K [0x0000000795580000, 0x000000079a080000, 0x00000007c0000000)
  eden space 33280K, 0% used [0x0000000795580000,0x0000000795580000,0x0000000797600000)
  from space 5120K, 99% used [0x0000000797b00000,0x0000000797ffc070,0x0000000798000000)
  to   space 5120K, 0% used [0x0000000797600000,0x0000000797600000,0x0000000797b00000)
 ParOldGen       total 87552K, used 3091K [0x0000000740000000, 0x0000000745580000, 0x0000000795580000)
  object space 87552K, 3% used [0x0000000740000000,0x0000000740304fd0,0x0000000745580000)
 Metaspace       used 20778K, capacity 21215K, committed 21248K, reserved 1069056K
  class space    used 2165K, capacity 2296K, committed 2304K, reserved 1048576K
}
Event: 3.362 GC heap before
{Heap before GC invocations=3 (full 0):
 PSYoungGen      total 38400K, used 5488K [0x0000000795580000, 0x000000079a080000, 0x00000007c0000000)
  eden space 33280K, 1% used [0x0000000795580000,0x00000007955e0080,0x0000000797600000)
  from space 5120K, 99% used [0x0000000797b00000,0x0000000797ffc070,0x0000000798000000)
  to   space 5120K, 0% used [0x0000000797600000,0x0000000797600000,0x0000000797b00000)
 ParOldGen       total 87552K, used 3091K [0x0000000740000000, 0x0000000745580000, 0x0000000795580000)
  object space 87552K, 3% used [0x0000000740000000,0x0000000740304fd0,0x0000000745580000)
 Metaspace       used 20814K, capacity 21247K, committed 21296K, reserved 1069056K
  class space    used 2175K, capacity 2328K, committed 2352K, reserved 1048576K
Event: 3.369 GC heap after
Heap after GC invocations=3 (full 0):
 PSYoungGen      total 38400K, used 5104K [0x0000000795580000, 0x000000079a080000, 0x00000007c0000000)
  eden space 33280K, 0% used [0x0000000795580000,0x0000000795580000,0x0000000797600000)
  from space 5120K, 99% used [0x0000000797600000,0x0000000797afc050,0x0000000797b00000)
  to   space 5120K, 0% used [0x0000000799b80000,0x0000000799b80000,0x000000079a080000)
 ParOldGen       total 87552K, used 3219K [0x0000000740000000, 0x0000000745580000, 0x0000000795580000)
  object space 87552K, 3% used [0x0000000740000000,0x0000000740324fd0,0x0000000745580000)
 Metaspace       used 20814K, capacity 21247K, committed 21296K, reserved 1069056K
  class space    used 2175K, capacity 2328K, committed 2352K, reserved 1048576K
}
Event: 3.369 GC heap before
{Heap before GC invocations=4 (full 1):
 PSYoungGen      total 38400K, used 5104K [0x0000000795580000, 0x000000079a080000, 0x00000007c0000000)
  eden space 33280K, 0% used [0x0000000795580000,0x0000000795580000,0x0000000797600000)
  from space 5120K, 99% used [0x0000000797600000,0x0000000797afc050,0x0000000797b00000)
  to   space 5120K, 0% used [0x0000000799b80000,0x0000000799b80000,0x000000079a080000)
 ParOldGen       total 87552K, used 3219K [0x0000000740000000, 0x0000000745580000, 0x0000000795580000)
  object space 87552K, 3% used [0x0000000740000000,0x0000000740324fd0,0x0000000745580000)
 Metaspace       used 20814K, capacity 21247K, committed 21296K, reserved 1069056K
  class space    used 2175K, capacity 2328K, committed 2352K, reserved 1048576K
Event: 3.405 GC heap after
Heap after GC invocations=4 (full 1):
 PSYoungGen      total 38400K, used 0K [0x0000000795580000, 0x000000079a080000, 0x00000007c0000000)
  eden space 33280K, 0% used [0x0000000795580000,0x0000000795580000,0x0000000797600000)
  from space 5120K, 0% used [0x0000000797600000,0x0000000797600000,0x0000000797b00000)
  to   space 5120K, 0% used [0x0000000799b80000,0x0000000799b80000,0x000000079a080000)
 ParOldGen       total 45568K, used 7035K [0x0000000740000000, 0x0000000742c80000, 0x0000000795580000)
  object space 45568K, 15% used [0x0000000740000000,0x00000007406dede8,0x0000000742c80000)
 Metaspace       used 20814K, capacity 21247K, committed 21296K, reserved 1069056K
  class space    used 2175K, capacity 2328K, committed 2352K, reserved 1048576K
}
Event: 5.024 GC heap before
{Heap before GC invocations=5 (full 1):
 PSYoungGen      total 38400K, used 33240K [0x0000000795580000, 0x000000079a080000, 0x00000007c0000000)
  eden space 33280K, 99% used [0x0000000795580000,0x00000007975f60d8,0x0000000797600000)
  from space 5120K, 0% used [0x0000000797600000,0x0000000797600000,0x0000000797b00000)
  to   space 5120K, 0% used [0x0000000799b80000,0x0000000799b80000,0x000000079a080000)
 ParOldGen       total 45568K, used 7035K [0x0000000740000000, 0x0000000742c80000, 0x0000000795580000)
  object space 45568K, 15% used [0x0000000740000000,0x00000007406dede8,0x0000000742c80000)
 Metaspace       used 24060K, capacity 24495K, committed 24624K, reserved 1071104K
  class space    used 2462K, capacity 2592K, committed 2608K, reserved 1048576K
Event: 5.032 GC heap after
Heap after GC invocations=5 (full 1):
 PSYoungGen      total 70144K, used 5102K [0x0000000795580000, 0x000000079a080000, 0x00000007c0000000)
  eden space 65024K, 0% used [0x0000000795580000,0x0000000795580000,0x0000000799500000)
  from space 5120K, 99% used [0x0000000799b80000,0x000000079a07b8c0,0x000000079a080000)
  to   space 5120K, 0% used [0x0000000799680000,0x0000000799680000,0x0000000799b80000)
 ParOldGen       total 45568K, used 12357K [0x0000000740000000, 0x0000000742c80000, 0x0000000795580000)
  object space 45568K, 27% used [0x0000000740000000,0x0000000740c117f0,0x0000000742c80000)
 Metaspace       used 24060K, capacity 24495K, committed 24624K, reserved 1071104K
  class space    used 2462K, capacity 2592K, committed 2608K, reserved 1048576K
}

