# JRE version: Java(TM) SE Runtime Environment (8.0_191-b12) (build 1.8.0_191-b12)
# Java VM: Java HotSpot(TM) 64-Bit Server VM (25.191-b12 mixed mode bsd-amd64 compressed oops)
Heap:
 PSYoungGen      total 61440K, used 5791K [0x0000000795580000, 0x000000079a480000, 0x00000007c0000000)
  eden space 56320K, 1% used [0x0000000795580000,0x000000079563bbd8,0x0000000798c80000)
  from space 5120K, 98% used [0x0000000798d80000,0x000000079926c100,0x0000000799280000)
  to   space 12288K, 0% used [0x0000000799880000,0x0000000799880000,0x000000079a480000)
 ParOldGen       total 63488K, used 20953K [0x0000000740000000, 0x0000000743e00000, 0x0000000795580000)
  object space 63488K, 33% used [0x0000000740000000,0x0000000741476508,0x0000000743e00000)
 Metaspace       used 24632K, capacity 25113K, committed 25264K, reserved 1071104K
  class space    used 2476K, capacity 2625K, committed 2736K, reserved 1048576K
GC Heap History (10 events):
Event: 49.825 GC heap before
{Heap before GC invocations=9 (full 1):
 PSYoungGen      total 80384K, used 69952K [0x0000000795580000, 0x000000079c280000, 0x00000007c0000000)
  eden space 65024K, 100% used [0x0000000795580000,0x0000000799500000,0x0000000799500000)
  from space 15360K, 32% used [0x0000000799500000,0x00000007999d00f0,0x000000079a400000)
  to   space 14848K, 0% used [0x000000079b400000,0x000000079b400000,0x000000079c280000)
 ParOldGen       total 63488K, used 20937K [0x0000000740000000, 0x0000000743e00000, 0x0000000795580000)
  object space 63488K, 32% used [0x0000000740000000,0x0000000741472508,0x0000000743e00000)
 Metaspace       used 24444K, capacity 24821K, committed 24880K, reserved 1071104K
  class space    used 2462K, capacity 2591K, committed 2608K, reserved 1048576K
Event: 49.832 GC heap after
Heap after GC invocations=9 (full 1):
 PSYoungGen      total 68608K, used 4928K [0x0000000795580000, 0x000000079b900000, 0x00000007c0000000)
  eden space 63488K, 0% used [0x0000000795580000,0x0000000795580000,0x0000000799380000)
  from space 5120K, 96% used [0x000000079b400000,0x000000079b8d00f0,0x000000079b900000)
  to   space 14336K, 0% used [0x0000000799d00000,0x0000000799d00000,0x000000079ab00000)
 ParOldGen       total 63488K, used 20937K [0x0000000740000000, 0x0000000743e00000, 0x0000000795580000)
  object space 63488K, 32% used [0x0000000740000000,0x0000000741472508,0x0000000743e00000)
 Metaspace       used 24444K, capacity 24821K, committed 24880K, reserved 1071104K
  class space    used 2462K, capacity 2591K, committed 2608K, reserved 1048576K
}
Event: 62.160 GC heap before
{Heap before GC invocations=10 (full 1):
 PSYoungGen      total 68608K, used 68416K [0x0000000795580000, 0x000000079b900000, 0x00000007c0000000)
  eden space 63488K, 100% used [0x0000000795580000,0x0000000799380000,0x0000000799380000)
  from space 5120K, 96% used [0x000000079b400000,0x000000079b8d00f0,0x000000079b900000)
  to   space 14336K, 0% used [0x0000000799d00000,0x0000000799d00000,0x000000079ab00000)
 ParOldGen       total 63488K, used 20937K [0x0000000740000000, 0x0000000743e00000, 0x0000000795580000)
  object space 63488K, 32% used [0x0000000740000000,0x0000000741472508,0x0000000743e00000)
 Metaspace       used 24444K, capacity 24821K, committed 24880K, reserved 1071104K
  class space    used 2462K, capacity 2591K, committed 2608K, reserved 1048576K
Event: 62.166 GC heap after
Heap after GC invocations=10 (full 1):
 PSYoungGen      total 67072K, used 4992K [0x0000000795580000, 0x000000079b480000, 0x00000007c0000000)
  eden space 61952K, 0% used [0x0000000795580000,0x0000000795580000,0x0000000799200000)
  from space 5120K, 97% used [0x0000000799d00000,0x000000079a1e00f0,0x000000079a200000)
  to   space 14336K, 0% used [0x000000079a680000,0x000000079a680000,0x000000079b480000)
 ParOldGen       total 63488K, used 20937K [0x0000000740000000, 0x0000000743e00000, 0x0000000795580000)
  object space 63488K, 32% used [0x0000000740000000,0x0000000741472508,0x0000000743e00000)
 Metaspace       used 24444K, capacity 24821K, committed 24880K, reserved 1071104K
  class space    used 2462K, capacity 2591K, committed 2608K, reserved 1048576K
}
Event: 74.205 GC heap before
{Heap before GC invocations=11 (full 1):
 PSYoungGen      total 67072K, used 66944K [0x0000000795580000, 0x000000079b480000, 0x00000007c0000000)
  eden space 61952K, 100% used [0x0000000795580000,0x0000000799200000,0x0000000799200000)
  from space 5120K, 97% used [0x0000000799d00000,0x000000079a1e00f0,0x000000079a200000)
  to   space 14336K, 0% used [0x000000079a680000,0x000000079a680000,0x000000079b480000)
 ParOldGen       total 63488K, used 20937K [0x0000000740000000, 0x0000000743e00000, 0x0000000795580000)
  object space 63488K, 32% used [0x0000000740000000,0x0000000741472508,0x0000000743e00000)
 Metaspace       used 24444K, capacity 24821K, committed 24880K, reserved 1071104K
  class space    used 2462K, capacity 2591K, committed 2608K, reserved 1048576K
Event: 74.214 GC heap after
Heap after GC invocations=11 (full 1):
 PSYoungGen      total 65536K, used 4928K [0x0000000795580000, 0x000000079ab80000, 0x00000007c0000000)
  eden space 60416K, 0% used [0x0000000795580000,0x0000000795580000,0x0000000799080000)
  from space 5120K, 96% used [0x000000079a680000,0x000000079ab500f0,0x000000079ab80000)
  to   space 13824K, 0% used [0x0000000799080000,0x0000000799080000,0x0000000799e00000)
 ParOldGen       total 63488K, used 20945K [0x0000000740000000, 0x0000000743e00000, 0x0000000795580000)
  object space 63488K, 32% used [0x0000000740000000,0x0000000741474508,0x0000000743e00000)
 Metaspace       used 24444K, capacity 24821K, committed 24880K, reserved 1071104K
  class space    used 2462K, capacity 2591K, committed 2608K, reserved 1048576K
}
Event: 85.952 GC heap before
{Heap before GC invocations=12 (full 1):
 PSYoungGen      total 65536K, used 65344K [0x0000000795580000, 0x000000079ab80000, 0x00000007c0000000)
  eden space 60416K, 100% used [0x0000000795580000,0x0000000799080000,0x0000000799080000)
  from space 5120K, 96% used [0x000000079a680000,0x000000079ab500f0,0x000000079ab80000)
  to   space 13824K, 0% used [0x0000000799080000,0x0000000799080000,0x0000000799e00000)
 ParOldGen       total 63488K, used 20945K [0x0000000740000000, 0x0000000743e00000, 0x0000000795580000)
  object space 63488K, 32% used [0x0000000740000000,0x0000000741474508,0x0000000743e00000)
 Metaspace       used 24444K, capacity 24821K, committed 24880K, reserved 1071104K
  class space    used 2462K, capacity 2591K, committed 2608K, reserved 1048576K
Event: 85.957 GC heap after
Heap after GC invocations=12 (full 1):
 PSYoungGen      total 64000K, used 4928K [0x0000000795580000, 0x000000079a900000, 0x00000007c0000000)
  eden space 58880K, 0% used [0x0000000795580000,0x0000000795580000,0x0000000798f00000)
  from space 5120K, 96% used [0x0000000799080000,0x00000007995500f0,0x0000000799580000)
  to   space 13312K, 0% used [0x0000000799c00000,0x0000000799c00000,0x000000079a900000)
 ParOldGen       total 63488K, used 20945K [0x0000000740000000, 0x0000000743e00000, 0x0000000795580000)
  object space 63488K, 32% used [0x0000000740000000,0x0000000741474508,0x0000000743e00000)
 Metaspace       used 24444K, capacity 24821K, committed 24880K, reserved 1071104K
  class space    used 2462K, capacity 2591K, committed 2608K, reserved 1048576K
}
Event: 97.315 GC heap before
{Heap before GC invocations=13 (full 1):
 PSYoungGen      total 64000K, used 63808K [0x0000000795580000, 0x000000079a900000, 0x00000007c0000000)
  eden space 58880K, 100% used [0x0000000795580000,0x0000000798f00000,0x0000000798f00000)
  from space 5120K, 96% used [0x0000000799080000,0x00000007995500f0,0x0000000799580000)
  to   space 13312K, 0% used [0x0000000799c00000,0x0000000799c00000,0x000000079a900000)
 ParOldGen       total 63488K, used 20945K [0x0000000740000000, 0x0000000743e00000, 0x0000000795580000)
  object space 63488K, 32% used [0x0000000740000000,0x0000000741474508,0x0000000743e00000)
 Metaspace       used 24445K, capacity 24821K, committed 24880K, reserved 1071104K
  class space    used 2462K, capacity 2591K, committed 2608K, reserved 1048576K
Event: 97.345 GC heap after
Heap after GC invocations=13 (full 1):
 PSYoungGen      total 68096K, used 4992K [0x0000000795580000, 0x000000079a680000, 0x00000007c0000000)
  eden space 57344K, 0% used [0x0000000795580000,0x0000000795580000,0x0000000798d80000)
  from space 10752K, 46% used [0x0000000799c00000,0x000000079a0e00f0,0x000000079a680000)
  to   space 12800K, 0% used [0x0000000798d80000,0x0000000798d80000,0x0000000799a00000)
 ParOldGen       total 63488K, used 20945K [0x0000000740000000, 0x0000000743e00000, 0x0000000795580000)
  object space 63488K, 32% used [0x0000000740000000,0x0000000741474508,0x0000000743e00000)
 Metaspace       used 24445K, capacity 24821K, committed 24880K, reserved 1071104K
  class space    used 2462K, capacity 2591K, committed 2608K, reserved 1048576K
}

