# JRE version: Java(TM) SE Runtime Environment (8.0_191-b12) (build 1.8.0_191-b12)
# Java VM: Java HotSpot(TM) 64-Bit Server VM (25.191-b12 mixed mode bsd-amd64 compressed oops)
Heap:
 PSYoungGen      total 70144K, used 57972K [0x0000000795580000, 0x000000079a080000, 0x00000007c0000000)
  eden space 65024K, 81% used [0x0000000795580000,0x000000079891ded8,0x0000000799500000)
  from space 5120K, 99% used [0x0000000799b80000,0x000000079a07f1e8,0x000000079a080000)
  to   space 5120K, 0% used [0x0000000799680000,0x0000000799680000,0x0000000799b80000)
 ParOldGen       total 45568K, used 14494K [0x0000000740000000, 0x0000000742c80000, 0x0000000795580000)
  object space 45568K, 31% used [0x0000000740000000,0x0000000740e27b50,0x0000000742c80000)
 Metaspace       used 24688K, capacity 25145K, committed 25520K, reserved 1073152K
  class space    used 2507K, capacity 2631K, committed 2736K, reserved 1048576K
GC Heap History (10 events):
Event: 2.197 GC heap before
{Heap before GC invocations=1 (full 0):
 PSYoungGen      total 38400K, used 33280K [0x0000000795580000, 0x0000000798000000, 0x00000007c0000000)
  eden space 33280K, 100% used [0x0000000795580000,0x0000000797600000,0x0000000797600000)
  from space 5120K, 0% used [0x0000000797b00000,0x0000000797b00000,0x0000000798000000)
  to   space 5120K, 0% used [0x0000000797600000,0x0000000797600000,0x0000000797b00000)
 ParOldGen       total 87552K, used 0K [0x0000000740000000, 0x0000000745580000, 0x0000000795580000)
  object space 87552K, 0% used [0x0000000740000000,0x0000000740000000,0x0000000745580000)
 Metaspace       used 16313K, capacity 16623K, committed 16768K, reserved 1064960K
  class space    used 1685K, capacity 1794K, committed 1920K, reserved 1048576K
Event: 2.203 GC heap after
Heap after GC invocations=1 (full 0):
 PSYoungGen      total 38400K, used 5076K [0x0000000795580000, 0x0000000798000000, 0x00000007c0000000)
  eden space 33280K, 0% used [0x0000000795580000,0x0000000795580000,0x0000000797600000)
  from space 5120K, 99% used [0x0000000797600000,0x0000000797af5198,0x0000000797b00000)
  to   space 5120K, 0% used [0x0000000797b00000,0x0000000797b00000,0x0000000798000000)
 ParOldGen       total 87552K, used 16K [0x0000000740000000, 0x0000000745580000, 0x0000000795580000)
  object space 87552K, 0% used [0x0000000740000000,0x0000000740004000,0x0000000745580000)
 Metaspace       used 16313K, capacity 16623K, committed 16768K, reserved 1064960K
  class space    used 1685K, capacity 1794K, committed 1920K, reserved 1048576K
}
Event: 3.129 GC heap before
{Heap before GC invocations=2 (full 0):
 PSYoungGen      total 38400K, used 38356K [0x0000000795580000, 0x0000000798000000, 0x00000007c0000000)
  eden space 33280K, 100% used [0x0000000795580000,0x0000000797600000,0x0000000797600000)
  from space 5120K, 99% used [0x0000000797600000,0x0000000797af5198,0x0000000797b00000)
  to   space 5120K, 0% used [0x0000000797b00000,0x0000000797b00000,0x0000000798000000)
 ParOldGen       total 87552K, used 16K [0x0000000740000000, 0x0000000745580000, 0x0000000795580000)
  object space 87552K, 0% used [0x0000000740000000,0x0000000740004000,0x0000000745580000)
 Metaspace       used 20773K, capacity 21231K, committed 21248K, reserved 1069056K
  class space    used 2164K, capacity 2296K, committed 2304K, reserved 1048576K
Event: 3.139 GC heap after
Heap after GC invocations=2 (full 0):
 PSYoungGen      total 38400K, used 5088K [0x0000000795580000, 0x0000000798000000, 0x00000007c0000000)
  eden space 33280K, 0% used [0x0000000795580000,0x0000000795580000,0x0000000797600000)
  from space 5120K, 99% used [0x0000000797b00000,0x0000000797ff8060,0x0000000798000000)
  to   space 5120K, 0% used [0x0000000797600000,0x0000000797600000,0x0000000797b00000)
 ParOldGen       total 87552K, used 3111K [0x0000000740000000, 0x0000000745580000, 0x0000000795580000)
  object space 87552K, 3% used [0x0000000740000000,0x0000000740309f88,0x0000000745580000)
 Metaspace       used 20773K, capacity 21231K, committed 21248K, reserved 1069056K
  class space    used 2164K, capacity 2296K, committed 2304K, reserved 1048576K
}
Event: 3.142 GC heap before
{Heap before GC invocations=3 (full 0):
 PSYoungGen      total 38400K, used 5472K [0x0000000795580000, 0x0000000798000000, 0x00000007c0000000)
  eden space 33280K, 1% used [0x0000000795580000,0x00000007955e0210,0x0000000797600000)
  from space 5120K, 99% used [0x0000000797b00000,0x0000000797ff8060,0x0000000798000000)
  to   space 5120K, 0% used [0x0000000797600000,0x0000000797600000,0x0000000797b00000)
 ParOldGen       total 87552K, used 3111K [0x0000000740000000, 0x0000000745580000, 0x0000000795580000)
  object space 87552K, 3% used [0x0000000740000000,0x0000000740309f88,0x0000000745580000)
 Metaspace       used 20830K, capacity 21263K, committed 21296K, reserved 1069056K
  class space    used 2176K, capacity 2328K, committed 2352K, reserved 1048576K
Event: 3.147 GC heap after
Heap after GC invocations=3 (full 0):
 PSYoungGen      total 38400K, used 5088K [0x0000000795580000, 0x000000079a080000, 0x00000007c0000000)
  eden space 33280K, 0% used [0x0000000795580000,0x0000000795580000,0x0000000797600000)
  from space 5120K, 99% used [0x0000000797600000,0x0000000797af8060,0x0000000797b00000)
  to   space 5120K, 0% used [0x0000000799b80000,0x0000000799b80000,0x000000079a080000)
 ParOldGen       total 87552K, used 3167K [0x0000000740000000, 0x0000000745580000, 0x0000000795580000)
  object space 87552K, 3% used [0x0000000740000000,0x0000000740317f88,0x0000000745580000)
 Metaspace       used 20830K, capacity 21263K, committed 21296K, reserved 1069056K
  class space    used 2176K, capacity 2328K, committed 2352K, reserved 1048576K
}
Event: 3.147 GC heap before
{Heap before GC invocations=4 (full 1):
 PSYoungGen      total 38400K, used 5088K [0x0000000795580000, 0x000000079a080000, 0x00000007c0000000)
  eden space 33280K, 0% used [0x0000000795580000,0x0000000795580000,0x0000000797600000)
  from space 5120K, 99% used [0x0000000797600000,0x0000000797af8060,0x0000000797b00000)
  to   space 5120K, 0% used [0x0000000799b80000,0x0000000799b80000,0x000000079a080000)
 ParOldGen       total 87552K, used 3167K [0x0000000740000000, 0x0000000745580000, 0x0000000795580000)
  object space 87552K, 3% used [0x0000000740000000,0x0000000740317f88,0x0000000745580000)
 Metaspace       used 20830K, capacity 21263K, committed 21296K, reserved 1069056K
  class space    used 2176K, capacity 2328K, committed 2352K, reserved 1048576K
Event: 3.177 GC heap after
Heap after GC invocations=4 (full 1):
 PSYoungGen      total 38400K, used 0K [0x0000000795580000, 0x000000079a080000, 0x00000007c0000000)
  eden space 33280K, 0% used [0x0000000795580000,0x0000000795580000,0x0000000797600000)
  from space 5120K, 0% used [0x0000000797600000,0x0000000797600000,0x0000000797b00000)
  to   space 5120K, 0% used [0x0000000799b80000,0x0000000799b80000,0x000000079a080000)
 ParOldGen       total 45568K, used 7030K [0x0000000740000000, 0x0000000742c80000, 0x0000000795580000)
  object space 45568K, 15% used [0x0000000740000000,0x00000007406dd920,0x0000000742c80000)
 Metaspace       used 20830K, capacity 21263K, committed 21296K, reserved 1069056K
  class space    used 2176K, capacity 2328K, committed 2352K, reserved 1048576K
}
Event: 4.532 GC heap before
{Heap before GC invocations=5 (full 1):
 PSYoungGen      total 38400K, used 33280K [0x0000000795580000, 0x000000079a080000, 0x00000007c0000000)
  eden space 33280K, 100% used [0x0000000795580000,0x0000000797600000,0x0000000797600000)
  from space 5120K, 0% used [0x0000000797600000,0x0000000797600000,0x0000000797b00000)
  to   space 5120K, 0% used [0x0000000799b80000,0x0000000799b80000,0x000000079a080000)
 ParOldGen       total 45568K, used 7030K [0x0000000740000000, 0x0000000742c80000, 0x0000000795580000)
  object space 45568K, 15% used [0x0000000740000000,0x00000007406dd920,0x0000000742c80000)
 Metaspace       used 24002K, capacity 24387K, committed 24624K, reserved 1071104K
  class space    used 2465K, capacity 2594K, committed 2608K, reserved 1048576K
Event: 4.542 GC heap after
Heap after GC invocations=5 (full 1):
 PSYoungGen      total 70144K, used 5116K [0x0000000795580000, 0x000000079a080000, 0x00000007c0000000)
  eden space 65024K, 0% used [0x0000000795580000,0x0000000795580000,0x0000000799500000)
  from space 5120K, 99% used [0x0000000799b80000,0x000000079a07f1e8,0x000000079a080000)
  to   space 5120K, 0% used [0x0000000799680000,0x0000000799680000,0x0000000799b80000)
 ParOldGen       total 45568K, used 14494K [0x0000000740000000, 0x0000000742c80000, 0x0000000795580000)
  object space 45568K, 31% used [0x0000000740000000,0x0000000740e27b50,0x0000000742c80000)
 Metaspace       used 24002K, capacity 24387K, committed 24624K, reserved 1071104K
  class space    used 2465K, capacity 2594K, committed 2608K, reserved 1048576K
}

