# JRE version: Java(TM) SE Runtime Environment (8.0_191-b12) (build 1.8.0_191-b12)
# Java VM: Java HotSpot(TM) 64-Bit Server VM (25.191-b12 mixed mode bsd-amd64 compressed oops)
Heap:
 PSYoungGen      total 62976K, used 57169K [0x0000000795580000, 0x000000079aa80000, 0x00000007c0000000)
  eden space 62464K, 91% used [0x0000000795580000,0x0000000798d347c8,0x0000000799280000)
  from space 512K, 25% used [0x0000000799400000,0x0000000799420000,0x0000000799480000)
  to   space 12288K, 0% used [0x0000000799e80000,0x0000000799e80000,0x000000079aa80000)
 ParOldGen       total 66048K, used 30243K [0x0000000740000000, 0x0000000744080000, 0x0000000795580000)
  object space 66048K, 45% used [0x0000000740000000,0x0000000741d88fd8,0x0000000744080000)
 Metaspace       used 25081K, capacity 25513K, committed 25984K, reserved 1073152K
  class space    used 2505K, capacity 2627K, committed 2688K, reserved 1048576K
GC Heap History (10 events):
Event: 131.293 GC heap before
{Heap before GC invocations=24 (full 1):
 PSYoungGen      total 81408K, used 70304K [0x0000000795580000, 0x000000079b200000, 0x00000007c0000000)
  eden space 70144K, 100% used [0x0000000795580000,0x0000000799a00000,0x0000000799a00000)
  from space 11264K, 1% used [0x000000079a700000,0x000000079a728000,0x000000079b200000)
  to   space 12288K, 0% used [0x0000000799a00000,0x0000000799a00000,0x000000079a600000)
 ParOldGen       total 66048K, used 30147K [0x0000000740000000, 0x0000000744080000, 0x0000000795580000)
  object space 66048K, 45% used [0x0000000740000000,0x0000000741d70fd8,0x0000000744080000)
 Metaspace       used 24994K, capacity 25381K, committed 25728K, reserved 1073152K
  class space    used 2490K, capacity 2625K, committed 2688K, reserved 1048576K
Event: 131.295 GC heap after
Heap after GC invocations=24 (full 1):
 PSYoungGen      total 69120K, used 160K [0x0000000795580000, 0x000000079b180000, 0x00000007c0000000)
  eden space 68608K, 0% used [0x0000000795580000,0x0000000795580000,0x0000000799880000)
  from space 512K, 31% used [0x0000000799a00000,0x0000000799a28000,0x0000000799a80000)
  to   space 12800K, 0% used [0x000000079a500000,0x000000079a500000,0x000000079b180000)
 ParOldGen       total 66048K, used 30179K [0x0000000740000000, 0x0000000744080000, 0x0000000795580000)
  object space 66048K, 45% used [0x0000000740000000,0x0000000741d78fd8,0x0000000744080000)
 Metaspace       used 24994K, capacity 25381K, committed 25728K, reserved 1073152K
  class space    used 2490K, capacity 2625K, committed 2688K, reserved 1048576K
}
Event: 137.544 GC heap before
{Heap before GC invocations=25 (full 1):
 PSYoungGen      total 69120K, used 68768K [0x0000000795580000, 0x000000079b180000, 0x00000007c0000000)
  eden space 68608K, 100% used [0x0000000795580000,0x0000000799880000,0x0000000799880000)
  from space 512K, 31% used [0x0000000799a00000,0x0000000799a28000,0x0000000799a80000)
  to   space 12800K, 0% used [0x000000079a500000,0x000000079a500000,0x000000079b180000)
 ParOldGen       total 66048K, used 30179K [0x0000000740000000, 0x0000000744080000, 0x0000000795580000)
  object space 66048K, 45% used [0x0000000740000000,0x0000000741d78fd8,0x0000000744080000)
 Metaspace       used 24994K, capacity 25381K, committed 25728K, reserved 1073152K
  class space    used 2490K, capacity 2625K, committed 2688K, reserved 1048576K
Event: 137.546 GC heap after
Heap after GC invocations=25 (full 1):
 PSYoungGen      total 78336K, used 128K [0x0000000795580000, 0x000000079b000000, 0x00000007c0000000)
  eden space 67072K, 0% used [0x0000000795580000,0x0000000795580000,0x0000000799700000)
  from space 11264K, 1% used [0x000000079a500000,0x000000079a520000,0x000000079b000000)
  to   space 12800K, 0% used [0x0000000799700000,0x0000000799700000,0x000000079a380000)
 ParOldGen       total 66048K, used 30203K [0x0000000740000000, 0x0000000744080000, 0x0000000795580000)
  object space 66048K, 45% used [0x0000000740000000,0x0000000741d7efd8,0x0000000744080000)
 Metaspace       used 24994K, capacity 25381K, committed 25728K, reserved 1073152K
  class space    used 2490K, capacity 2625K, committed 2688K, reserved 1048576K
}
Event: 143.644 GC heap before
{Heap before GC invocations=26 (full 1):
 PSYoungGen      total 78336K, used 67200K [0x0000000795580000, 0x000000079b000000, 0x00000007c0000000)
  eden space 67072K, 100% used [0x0000000795580000,0x0000000799700000,0x0000000799700000)
  from space 11264K, 1% used [0x000000079a500000,0x000000079a520000,0x000000079b000000)
  to   space 12800K, 0% used [0x0000000799700000,0x0000000799700000,0x000000079a380000)
 ParOldGen       total 66048K, used 30203K [0x0000000740000000, 0x0000000744080000, 0x0000000795580000)
  object space 66048K, 45% used [0x0000000740000000,0x0000000741d7efd8,0x0000000744080000)
 Metaspace       used 24994K, capacity 25381K, committed 25728K, reserved 1073152K
  class space    used 2490K, capacity 2625K, committed 2688K, reserved 1048576K
Event: 143.646 GC heap after
Heap after GC invocations=26 (full 1):
 PSYoungGen      total 66048K, used 96K [0x0000000795580000, 0x000000079ae80000, 0x00000007c0000000)
  eden space 65536K, 0% used [0x0000000795580000,0x0000000795580000,0x0000000799580000)
  from space 512K, 18% used [0x0000000799700000,0x0000000799718000,0x0000000799780000)
  to   space 12800K, 0% used [0x000000079a200000,0x000000079a200000,0x000000079ae80000)
 ParOldGen       total 66048K, used 30211K [0x0000000740000000, 0x0000000744080000, 0x0000000795580000)
  object space 66048K, 45% used [0x0000000740000000,0x0000000741d80fd8,0x0000000744080000)
 Metaspace       used 24994K, capacity 25381K, committed 25728K, reserved 1073152K
  class space    used 2490K, capacity 2625K, committed 2688K, reserved 1048576K
}
Event: 149.628 GC heap before
{Heap before GC invocations=27 (full 1):
 PSYoungGen      total 66048K, used 65632K [0x0000000795580000, 0x000000079ae80000, 0x00000007c0000000)
  eden space 65536K, 100% used [0x0000000795580000,0x0000000799580000,0x0000000799580000)
  from space 512K, 18% used [0x0000000799700000,0x0000000799718000,0x0000000799780000)
  to   space 12800K, 0% used [0x000000079a200000,0x000000079a200000,0x000000079ae80000)
 ParOldGen       total 66048K, used 30211K [0x0000000740000000, 0x0000000744080000, 0x0000000795580000)
  object space 66048K, 45% used [0x0000000740000000,0x0000000741d80fd8,0x0000000744080000)
 Metaspace       used 24994K, capacity 25381K, committed 25728K, reserved 1073152K
  class space    used 2490K, capacity 2625K, committed 2688K, reserved 1048576K
Event: 149.630 GC heap after
Heap after GC invocations=27 (full 1):
 PSYoungGen      total 75264K, used 160K [0x0000000795580000, 0x000000079ad00000, 0x00000007c0000000)
  eden space 64000K, 0% used [0x0000000795580000,0x0000000795580000,0x0000000799400000)
  from space 11264K, 1% used [0x000000079a200000,0x000000079a228000,0x000000079ad00000)
  to   space 12800K, 0% used [0x0000000799400000,0x0000000799400000,0x000000079a080000)
 ParOldGen       total 66048K, used 30227K [0x0000000740000000, 0x0000000744080000, 0x0000000795580000)
  object space 66048K, 45% used [0x0000000740000000,0x0000000741d84fd8,0x0000000744080000)
 Metaspace       used 24994K, capacity 25381K, committed 25728K, reserved 1073152K
  class space    used 2490K, capacity 2625K, committed 2688K, reserved 1048576K
}
Event: 155.458 GC heap before
{Heap before GC invocations=28 (full 1):
 PSYoungGen      total 75264K, used 64160K [0x0000000795580000, 0x000000079ad00000, 0x00000007c0000000)
  eden space 64000K, 100% used [0x0000000795580000,0x0000000799400000,0x0000000799400000)
  from space 11264K, 1% used [0x000000079a200000,0x000000079a228000,0x000000079ad00000)
  to   space 12800K, 0% used [0x0000000799400000,0x0000000799400000,0x000000079a080000)
 ParOldGen       total 66048K, used 30227K [0x0000000740000000, 0x0000000744080000, 0x0000000795580000)
  object space 66048K, 45% used [0x0000000740000000,0x0000000741d84fd8,0x0000000744080000)
 Metaspace       used 24994K, capacity 25381K, committed 25728K, reserved 1073152K
  class space    used 2490K, capacity 2625K, committed 2688K, reserved 1048576K
Event: 155.461 GC heap after
Heap after GC invocations=28 (full 1):
 PSYoungGen      total 62976K, used 128K [0x0000000795580000, 0x000000079aa80000, 0x00000007c0000000)
  eden space 62464K, 0% used [0x0000000795580000,0x0000000795580000,0x0000000799280000)
  from space 512K, 25% used [0x0000000799400000,0x0000000799420000,0x0000000799480000)
  to   space 12288K, 0% used [0x0000000799e80000,0x0000000799e80000,0x000000079aa80000)
 ParOldGen       total 66048K, used 30243K [0x0000000740000000, 0x0000000744080000, 0x0000000795580000)
  object space 66048K, 45% used [0x0000000740000000,0x0000000741d88fd8,0x0000000744080000)
 Metaspace       used 24994K, capacity 25381K, committed 25728K, reserved 1073152K
  class space    used 2490K, capacity 2625K, committed 2688K, reserved 1048576K
}

