# JRE version: Java(TM) SE Runtime Environment (8.0_191-b12) (build 1.8.0_191-b12)
# Java VM: Java HotSpot(TM) 64-Bit Server VM (25.191-b12 mixed mode bsd-amd64 compressed oops)
Heap:
 PSYoungGen      total 54272K, used 11750K [0x0000000795580000, 0x0000000799080000, 0x00000007c0000000)
  eden space 49152K, 13% used [0x0000000795580000,0x0000000795c01800,0x0000000798580000)
  from space 5120K, 99% used [0x0000000798b80000,0x0000000799078170,0x0000000799080000)
  to   space 5120K, 0% used [0x0000000798680000,0x0000000798680000,0x0000000798b80000)
 ParOldGen       total 64000K, used 21107K [0x0000000740000000, 0x0000000743e80000, 0x0000000795580000)
  object space 64000K, 32% used [0x0000000740000000,0x000000074149cfe0,0x0000000743e80000)
 Metaspace       used 24368K, capacity 24787K, committed 25008K, reserved 1071104K
  class space    used 2472K, capacity 2624K, committed 2736K, reserved 1048576K
GC Heap History (10 events):
Event: 2.320 GC heap before
{Heap before GC invocations=1 (full 0):
 PSYoungGen      total 38400K, used 33280K [0x0000000795580000, 0x0000000798000000, 0x00000007c0000000)
  eden space 33280K, 100% used [0x0000000795580000,0x0000000797600000,0x0000000797600000)
  from space 5120K, 0% used [0x0000000797b00000,0x0000000797b00000,0x0000000798000000)
  to   space 5120K, 0% used [0x0000000797600000,0x0000000797600000,0x0000000797b00000)
 ParOldGen       total 87552K, used 0K [0x0000000740000000, 0x0000000745580000, 0x0000000795580000)
  object space 87552K, 0% used [0x0000000740000000,0x0000000740000000,0x0000000745580000)
 Metaspace       used 16316K, capacity 16619K, committed 17024K, reserved 1064960K
  class space    used 1681K, capacity 1794K, committed 1920K, reserved 1048576K
Event: 2.327 GC heap after
Heap after GC invocations=1 (full 0):
 PSYoungGen      total 38400K, used 5094K [0x0000000795580000, 0x0000000798000000, 0x00000007c0000000)
  eden space 33280K, 0% used [0x0000000795580000,0x0000000795580000,0x0000000797600000)
  from space 5120K, 99% used [0x0000000797600000,0x0000000797af98d8,0x0000000797b00000)
  to   space 5120K, 0% used [0x0000000797b00000,0x0000000797b00000,0x0000000798000000)
 ParOldGen       total 87552K, used 16K [0x0000000740000000, 0x0000000745580000, 0x0000000795580000)
  object space 87552K, 0% used [0x0000000740000000,0x0000000740004000,0x0000000745580000)
 Metaspace       used 16316K, capacity 16619K, committed 17024K, reserved 1064960K
  class space    used 1681K, capacity 1794K, committed 1920K, reserved 1048576K
}
Event: 3.107 GC heap before
{Heap before GC invocations=2 (full 0):
 PSYoungGen      total 38400K, used 27261K [0x0000000795580000, 0x0000000798000000, 0x00000007c0000000)
  eden space 33280K, 66% used [0x0000000795580000,0x0000000796b25cc8,0x0000000797600000)
  from space 5120K, 99% used [0x0000000797600000,0x0000000797af98d8,0x0000000797b00000)
  to   space 5120K, 0% used [0x0000000797b00000,0x0000000797b00000,0x0000000798000000)
 ParOldGen       total 87552K, used 16K [0x0000000740000000, 0x0000000745580000, 0x0000000795580000)
  object space 87552K, 0% used [0x0000000740000000,0x0000000740004000,0x0000000745580000)
 Metaspace       used 20756K, capacity 21183K, committed 21296K, reserved 1069056K
  class space    used 2171K, capacity 2326K, committed 2352K, reserved 1048576K
Event: 3.116 GC heap after
Heap after GC invocations=2 (full 0):
 PSYoungGen      total 38400K, used 5099K [0x0000000795580000, 0x0000000798000000, 0x00000007c0000000)
  eden space 33280K, 0% used [0x0000000795580000,0x0000000795580000,0x0000000797600000)
  from space 5120K, 99% used [0x0000000797b00000,0x0000000797ffaeb0,0x0000000798000000)
  to   space 5120K, 0% used [0x0000000797600000,0x0000000797600000,0x0000000797b00000)
 ParOldGen       total 87552K, used 2761K [0x0000000740000000, 0x0000000745580000, 0x0000000795580000)
  object space 87552K, 3% used [0x0000000740000000,0x00000007402b2520,0x0000000745580000)
 Metaspace       used 20756K, capacity 21183K, committed 21296K, reserved 1069056K
  class space    used 2171K, capacity 2326K, committed 2352K, reserved 1048576K
}
Event: 3.116 GC heap before
{Heap before GC invocations=3 (full 1):
 PSYoungGen      total 38400K, used 5099K [0x0000000795580000, 0x0000000798000000, 0x00000007c0000000)
  eden space 33280K, 0% used [0x0000000795580000,0x0000000795580000,0x0000000797600000)
  from space 5120K, 99% used [0x0000000797b00000,0x0000000797ffaeb0,0x0000000798000000)
  to   space 5120K, 0% used [0x0000000797600000,0x0000000797600000,0x0000000797b00000)
 ParOldGen       total 87552K, used 2761K [0x0000000740000000, 0x0000000745580000, 0x0000000795580000)
  object space 87552K, 3% used [0x0000000740000000,0x00000007402b2520,0x0000000745580000)
 Metaspace       used 20756K, capacity 21183K, committed 21296K, reserved 1069056K
  class space    used 2171K, capacity 2326K, committed 2352K, reserved 1048576K
Event: 3.145 GC heap after
Heap after GC invocations=3 (full 1):
 PSYoungGen      total 38400K, used 0K [0x0000000795580000, 0x0000000798000000, 0x00000007c0000000)
  eden space 33280K, 0% used [0x0000000795580000,0x0000000795580000,0x0000000797600000)
  from space 5120K, 0% used [0x0000000797b00000,0x0000000797b00000,0x0000000798000000)
  to   space 5120K, 0% used [0x0000000797600000,0x0000000797600000,0x0000000797b00000)
 ParOldGen       total 64000K, used 7732K [0x0000000740000000, 0x0000000743e80000, 0x0000000795580000)
  object space 64000K, 12% used [0x0000000740000000,0x000000074078d050,0x0000000743e80000)
 Metaspace       used 20756K, capacity 21183K, committed 21296K, reserved 1069056K
  class space    used 2171K, capacity 2326K, committed 2352K, reserved 1048576K
}
Event: 3.733 GC heap before
{Heap before GC invocations=4 (full 1):
 PSYoungGen      total 38400K, used 33280K [0x0000000795580000, 0x0000000798000000, 0x00000007c0000000)
  eden space 33280K, 100% used [0x0000000795580000,0x0000000797600000,0x0000000797600000)
  from space 5120K, 0% used [0x0000000797b00000,0x0000000797b00000,0x0000000798000000)
  to   space 5120K, 0% used [0x0000000797600000,0x0000000797600000,0x0000000797b00000)
 ParOldGen       total 64000K, used 7732K [0x0000000740000000, 0x0000000743e80000, 0x0000000795580000)
  object space 64000K, 12% used [0x0000000740000000,0x000000074078d050,0x0000000743e80000)
 Metaspace       used 23795K, capacity 24221K, committed 24368K, reserved 1071104K
  class space    used 2458K, capacity 2589K, committed 2608K, reserved 1048576K
Event: 3.743 GC heap after
Heap after GC invocations=4 (full 1):
 PSYoungGen      total 38400K, used 5088K [0x0000000795580000, 0x0000000799080000, 0x00000007c0000000)
  eden space 33280K, 0% used [0x0000000795580000,0x0000000795580000,0x0000000797600000)
  from space 5120K, 99% used [0x0000000797600000,0x0000000797af8130,0x0000000797b00000)
  to   space 5120K, 0% used [0x0000000798b80000,0x0000000798b80000,0x0000000799080000)
 ParOldGen       total 64000K, used 17941K [0x0000000740000000, 0x0000000743e80000, 0x0000000795580000)
  object space 64000K, 28% used [0x0000000740000000,0x0000000741185540,0x0000000743e80000)
 Metaspace       used 23795K, capacity 24221K, committed 24368K, reserved 1071104K
  class space    used 2458K, capacity 2589K, committed 2608K, reserved 1048576K
}
Event: 5.277 GC heap before
{Heap before GC invocations=5 (full 1):
 PSYoungGen      total 38400K, used 38368K [0x0000000795580000, 0x0000000799080000, 0x00000007c0000000)
  eden space 33280K, 100% used [0x0000000795580000,0x0000000797600000,0x0000000797600000)
  from space 5120K, 99% used [0x0000000797600000,0x0000000797af8130,0x0000000797b00000)
  to   space 5120K, 0% used [0x0000000798b80000,0x0000000798b80000,0x0000000799080000)
 ParOldGen       total 64000K, used 17941K [0x0000000740000000, 0x0000000743e80000, 0x0000000795580000)
  object space 64000K, 28% used [0x0000000740000000,0x0000000741185540,0x0000000743e80000)
 Metaspace       used 24236K, capacity 24623K, committed 24880K, reserved 1071104K
  class space    used 2459K, capacity 2590K, committed 2608K, reserved 1048576K
Event: 5.286 GC heap after
Heap after GC invocations=5 (full 1):
 PSYoungGen      total 54272K, used 5088K [0x0000000795580000, 0x0000000799080000, 0x00000007c0000000)
  eden space 49152K, 0% used [0x0000000795580000,0x0000000795580000,0x0000000798580000)
  from space 5120K, 99% used [0x0000000798b80000,0x0000000799078170,0x0000000799080000)
  to   space 5120K, 0% used [0x0000000798680000,0x0000000798680000,0x0000000798b80000)
 ParOldGen       total 64000K, used 21107K [0x0000000740000000, 0x0000000743e80000, 0x0000000795580000)
  object space 64000K, 32% used [0x0000000740000000,0x000000074149cfe0,0x0000000743e80000)
 Metaspace       used 24236K, capacity 24623K, committed 24880K, reserved 1071104K
  class space    used 2459K, capacity 2590K, committed 2608K, reserved 1048576K
}

